Looking for git in: git
Using git 2.17.1 from git
> git rev-parse --show-toplevel
> git rev-parse --git-dir
> git config --get commit.template
Open repository: /home/varner/projects/app-meat/meat-app-starter
> git status -z -u
> git symbolic-ref --short HEAD
> git show :src/app/restaurant-details/restaurant-details.component.html
> git rev-parse master
> git ls-files --stage -- src/app/restaurant-details/
> git rev-parse --symbolic-full-name master@{u}
> git check-ignore -v -z --stdin
> git rev-list --left-right master...refs/remotes/origin/master
> git for-each-ref --format %(refname) %(objectname) --sort -committerdate
> git remote --verbose
Failed to watch ref '/home/varner/projects/app-meat/meat-app-starter/.git/refs/remotes/origin/master'. Ref is most likely packed.
> git status -z -u
> git symbolic-ref --short HEAD
> git rev-parse master
> git rev-parse --symbolic-full-name master@{u}
> git rev-list --left-right master...refs/remotes/origin/master
> git for-each-ref --format %(refname) %(objectname) --sort -committerdate
> git remote --verbose
Failed to watch ref '/home/varner/projects/app-meat/meat-app-starter/.git/refs/remotes/origin/master'. Ref is most likely packed.
> git status -z -u
> git symbolic-ref --short HEAD
> git rev-parse master
> git rev-parse --symbolic-full-name master@{u}
> git rev-list --left-right master...refs/remotes/origin/master
> git for-each-ref --format %(refname) %(objectname) --sort -committerdate
> git remote --verbose
Failed to watch ref '/home/varner/projects/app-meat/meat-app-starter/.git/refs/remotes/origin/master'. Ref is most likely packed.
> git check-ignore -v -z --stdin
> git show :src/app/restaurant-details/shopping-cart/shopping-cart.
> git ls-files --stage -- src/app/restaurant-details/shopping-cart/
> git check-ignore -v -z --stdin
> git status -z -u
> git symbolic-ref --short HEAD
> git rev-parse master
> git rev-parse --symbolic-full-name master@{u}
> git rev-list --left-right master...refs/remotes/origin/master
> git for-each-ref --format %(refname) %(objectname) --sort -committerdate
> git remote --verbose
Failed to watch ref '/home/varner/projects/app-meat/meat-app-starter/.git/refs/remotes/origin/master'. Ref is most likely packed.
> git show :src/app/restaurant-details/shopping-cart/shopping-cart.service.ts
> git ls-files --stage -- src/app/restaurant-details/shopping-cart/
> git check-ignore -v -z --stdin
> git status -z -u
> git symbolic-ref --short HEAD
> git rev-parse master
> git rev-parse --symbolic-full-name master@{u}
> git rev-list --left-right master...refs/remotes/origin/master
> git for-each-ref --format %(refname) %(objectname) --sort -committerdate
> git remote --verbose
Failed to watch ref '/home/varner/projects/app-meat/meat-app-starter/.git/refs/remotes/origin/master'. Ref is most likely packed.
> git status -z -u
> git symbolic-ref --short HEAD
> git rev-parse master
> git rev-parse --symbolic-full-name master@{u}
> git rev-list --left-right master...refs/remotes/origin/master
> git for-each-ref --format %(refname) %(objectname) --sort -committerdate
> git remote --verbose
Failed to watch ref '/home/varner/projects/app-meat/meat-app-starter/.git/refs/remotes/origin/master'. Ref is most likely packed.
> git status -z -u
> git symbolic-ref --short HEAD
> git rev-parse master
> git rev-parse --symbolic-full-name master@{u}
> git rev-list --left-right master...refs/remotes/origin/master
> git for-each-ref --format %(refname) %(objectname) --sort -committerdate
> git remote --verbose
Failed to watch ref '/home/varner/projects/app-meat/meat-app-starter/.git/refs/remotes/origin/master'. Ref is most likely packed.
> git status -z -u
> git symbolic-ref --short HEAD
> git rev-parse master
> git rev-parse --symbolic-full-name master@{u}
> git rev-list --left-right master...refs/remotes/origin/master
> git for-each-ref --format %(refname) %(objectname) --sort -committerdate
> git remote --verbose
Failed to watch ref '/home/varner/projects/app-meat/meat-app-starter/.git/refs/remotes/origin/master'. Ref is most likely packed.
> git status -z -u
> git symbolic-ref --short HEAD
> git rev-parse master
> git rev-parse --symbolic-full-name master@{u}
> git rev-list --left-right master...refs/remotes/origin/master
> git for-each-ref --format %(refname) %(objectname) --sort -committerdate
> git remote --verbose
Failed to watch ref '/home/varner/projects/app-meat/meat-app-starter/.git/refs/remotes/origin/master'. Ref is most likely packed.
> git status -z -u
> git symbolic-ref --short HEAD
> git rev-parse master
> git rev-parse --symbolic-full-name master@{u}
> git rev-list --left-right master...refs/remotes/origin/master
> git for-each-ref --format %(refname) %(objectname) --sort -committerdate
> git remote --verbose
Failed to watch ref '/home/varner/projects/app-meat/meat-app-starter/.git/refs/remotes/origin/master'. Ref is most likely packed.
> git status -z -u
> git symbolic-ref --short HEAD
> git rev-parse master
> git rev-parse --symbolic-full-name master@{u}
> git rev-list --left-right master...refs/remotes/origin/master
> git for-each-ref --format %(refname) %(objectname) --sort -committerdate
> git remote --verbose
Failed to watch ref '/home/varner/projects/app-meat/meat-app-starter/.git/refs/remotes/origin/master'. Ref is most likely packed.
> git status -z -u
> git symbolic-ref --short HEAD
> git rev-parse master
> git rev-parse --symbolic-full-name master@{u}
> git rev-list --left-right master...refs/remotes/origin/master
> git for-each-ref --format %(refname) %(objectname) --sort -committerdate
> git remote --verbose
Failed to watch ref '/home/varner/projects/app-meat/meat-app-starter/.git/refs/remotes/origin/master'. Ref is most likely packed.
> git show :src/app/restaurant-details/shopping-cart/cart-item.model.ts
> git ls-files --stage -- src/app/restaurant-details/shopping-cart/
> git check-ignore -v -z --stdin
> git show :src/app/restaurant-details/shopping-cart/shopping-cart.service.ts
> git ls-files --stage -- src/app/restaurant-details/shopping-cart/
> git show :src/app/restaurant-details/shopping-cart/cart-item.model.ts
> git ls-files --stage -- src/app/restaurant-details/shopping-cart/
> git show :src/app/restaurant-details/shopping-cart/shopping-cart.service.ts
> git ls-files --stage -- src/app/restaurant-details/shopping-cart/
> git show :src/app/restaurant-details/shopping-cart/cart-item.model.ts
> git ls-files --stage -- src/app/restaurant-details/shopping-cart/
> git show :src/app/restaurant-details/shopping-cart/shopping-cart.service.ts
> git ls-files --stage -- src/app/restaurant-details/shopping-cart/
> git show :src/app/restaurant-details/shopping-cart/cart-item.model.ts
> git ls-files --stage -- src/app/restaurant-details/shopping-cart/
> git show :src/app/restaurant-details/shopping-cart/shopping-cart.service.ts
> git ls-files --stage -- src/app/restaurant-details/shopping-cart/
> git show :src/app/restaurant-details/shopping-cart/shopping-cart.component.ts
> git ls-files --stage -- src/app/restaurant-details/shopping-cart/
> git show :src/app/restaurant-details/shopping-cart/shopping-cart.service.ts
> git ls-files --stage -- src/app/restaurant-details/shopping-cart/
> git show :src/app/restaurant-details/shopping-cart/shopping-cart.component.ts
> git ls-files --stage -- src/app/restaurant-details/shopping-cart/
> git show :src/app/restaurant-details/shopping-cart/shopping-cart.service.ts
> git ls-files --stage -- src/app/restaurant-details/shopping-cart/
> git show :src/app/restaurant-details/restaurant-details.component.html
> git ls-files --stage -- src/app/restaurant-details/
> git check-ignore -v -z --stdin
> git check-ignore -v -z --stdin
> git show :src/app/restaurant-details/menu-item/menu-item.component.html
> git ls-files --stage -- src/app/restaurant-details/menu-item/
> git check-ignore -v -z --stdin
> git show :src/app/restaurant-details/menu-item/menu-item.component.css
> git ls-files --stage -- src/app/restaurant-details/menu-item/
> git show :src/app/restaurant-details/menu-item/menu-item.component.ts
> git ls-files --stage -- src/app/restaurant-details/menu-item/
> git show :src/app/restaurant-details/menu-item/menu-item.component.css
> git ls-files --stage -- src/app/restaurant-details/menu-item/
> git show :src/app/restaurant-details/menu-item/menu-item.component.html
> git ls-files --stage -- src/app/restaurant-details/menu-item/
> git show :src/app/restaurant-details/menu/menu.component.ts
> git ls-files --stage -- src/app/restaurant-details/menu/
> git check-ignore -v -z --stdin
> git show :src/app/restaurant-details/restaurant-details.component.ts
> git ls-files --stage -- src/app/restaurant-details/
> git show :src/app/restaurants/restaurants.service.ts
> git ls-files --stage -- src/app/restaurants/
> git check-ignore -v -z --stdin
> git show :src/app/restaurants/restaurants.component.ts
> git ls-files --stage -- src/app/restaurants/
> git check-ignore -v -z --stdin
> git show :src/app/app.module.ts
> git show :src/app/restaurants/restaurants.component.ts
> git ls-files --stage -- src/app/restaurants/
> git show :src/app/restaurant-details/shopping-cart/shopping-cart.component.html
> git ls-files --stage -- src/app/restaurant-details/shopping-cart/
> git show :src/app/app.module.ts
> git show :src/app/restaurants/restaurants.component.ts
> git ls-files --stage -- src/app/restaurants/
> git show :src/app/restaurant-details/restaurant-details.component.html
> git ls-files --stage -- src/app/restaurant-details/
> git show :src/app/restaurants/restaurants.component.ts
> git ls-files --stage -- src/app/restaurants/
> git show :src/app/restaurants/restaurants.service.ts
> git ls-files --stage -- src/app/restaurants/
> git show :src/app/restaurant-details/shopping-cart/shopping-cart.service.ts
> git ls-files --stage -- src/app/restaurant-details/shopping-cart/
> git show :src/app/restaurants/restaurants.service.ts
> git ls-files --stage -- src/app/restaurants/
> git show :src/app/restaurant-details/shopping-cart/shopping-cart.component.html
> git ls-files --stage -- src/app/restaurant-details/shopping-cart/
> git show :src/app/restaurant-details/shopping-cart/shopping-cart.component.ts
> git ls-files --stage -- src/app/restaurant-details/shopping-cart/
> git show :src/app/restaurant-details/shopping-cart/shopping-cart.component.html
> git ls-files --stage -- src/app/restaurant-details/shopping-cart/
> git show :src/app/restaurant-details/shopping-cart/shopping-cart.component.ts
> git ls-files --stage -- src/app/restaurant-details/shopping-cart/
> git show :src/app/restaurant-details/shopping-cart/shopping-cart.service.ts
> git ls-files --stage -- src/app/restaurant-details/shopping-cart/
> git show :src/app/restaurant-details/restaurant-details.component.ts
> git ls-files --stage -- src/app/restaurant-details/
> git show :src/app/restaurant-details/restaurant-details.component.html
> git ls-files --stage -- src/app/restaurant-details/
> git show :src/app/restaurant-details/shopping-cart/shopping-cart.component.ts
> git ls-files --stage -- src/app/restaurant-details/shopping-cart/
> git show :src/app/restaurant-details/restaurant-details.component.ts
> git ls-files --stage -- src/app/restaurant-details/
> git show :src/app/restaurant-details/restaurant-details.component.html
> git ls-files --stage -- src/app/restaurant-details/
> git show :src/app/restaurant-details/shopping-cart/shopping-cart.component.html
> git ls-files --stage -- src/app/restaurant-details/shopping-cart/
> git show :src/app/restaurant-details/shopping-cart/shopping-cart.component.ts
> git ls-files --stage -- src/app/restaurant-details/shopping-cart/
> git show :src/app/restaurant-details/shopping-cart/shopping-cart.component.html
> git ls-files --stage -- src/app/restaurant-details/shopping-cart/
> git show :src/app/restaurant-details/shopping-cart/shopping-cart.service.ts
> git ls-files --stage -- src/app/restaurant-details/shopping-cart/
> git show :src/app/restaurant-details/shopping-cart/shopping-cart.component.ts
> git ls-files --stage -- src/app/restaurant-details/shopping-cart/
> git show :src/app/restaurant-details/shopping-cart/shopping-cart.component.html
> git ls-files --stage -- src/app/restaurant-details/shopping-cart/
> git check-ignore -v -z --stdin
> git show :src/app/restaurant-details/menu/menu.component.css
> git ls-files --stage -- src/app/restaurant-details/menu/
> git show :src/app/restaurant-details/menu/menu.component.html
> git ls-files --stage -- src/app/restaurant-details/menu/
> git show :src/app/restaurant-details/menu/menu.component.ts
> git ls-files --stage -- src/app/restaurant-details/menu/
> git show :src/app/restaurant-details/menu/menu.component.html
> git ls-files --stage -- src/app/restaurant-details/menu/
> git show :src/app/restaurant-details/shopping-cart/shopping-cart.component.ts
> git ls-files --stage -- src/app/restaurant-details/shopping-cart/
> git show :src/app/restaurant-details/menu/menu.component.html
> git ls-files --stage -- src/app/restaurant-details/menu/
