Initializing document watcher...
Detected change in configuration: {}
Detected change in configuration: {}
meat-app-starter/src/app/restaurant-details/shopping-cart/shopping-cart.: {"insertSpaces":true,"tabSize":2}
meat-app-starter/src/app/restaurant-details/shopping-cart/shopping-cart.: {"insertSpaces":true,"tabSize":2}
meat-app-starter/src/app/restaurant-details/shopping-cart/shopping-cart.service.ts: {"insertSpaces":true,"tabSize":2}
meat-app-starter/src/app/restaurant-details/shopping-cart/shopping-cart.service.ts: {"insertSpaces":true,"tabSize":2}
meat-app-starter/src/app/restaurant-details/shopping-cart/shopping-cart.service.ts: {"insertSpaces":true,"tabSize":2}
meat-app-starter/src/app/restaurant-details/shopping-cart/shopping-cart.service.ts: {"insertSpaces":true,"tabSize":2}
meat-app-starter/src/app/restaurant-details/shopping-cart/shopping-cart.service.ts: {"insertSpaces":true,"tabSize":2}
meat-app-starter/src/app/restaurant-details/shopping-cart/shopping-cart.service.ts: Using EditorConfig core...
src/app/restaurant-details/shopping-cart/shopping-cart.service.ts: editor.action.trimTrailingWhitespace
src/app/restaurant-details/shopping-cart/shopping-cart.service.ts: insertFinalNewline(LF)
meat-app-starter/src/app/restaurant-details/shopping-cart/shopping-cart.service.ts: {"insertSpaces":true,"tabSize":2}
meat-app-starter/src/app/restaurant-details/shopping-cart/shopping-cart.service.ts: {"insertSpaces":true,"tabSize":2}
meat-app-starter/src/app/restaurant-details/shopping-cart/shopping-cart.service.ts: Using EditorConfig core...
src/app/restaurant-details/shopping-cart/shopping-cart.service.ts: editor.action.trimTrailingWhitespace
meat-app-starter/src/app/restaurant-details/shopping-cart/shopping-cart.service.ts: {"insertSpaces":true,"tabSize":2}
meat-app-starter/src/app/restaurant-details/shopping-cart/shopping-cart.service.ts: Using EditorConfig core...
src/app/restaurant-details/shopping-cart/shopping-cart.service.ts: editor.action.trimTrailingWhitespace
meat-app-starter/src/app/restaurant-details/shopping-cart/shopping-cart.service.ts: {"insertSpaces":true,"tabSize":2}
meat-app-starter/src/app/restaurant-details/shopping-cart/shopping-cart.service.ts: {"insertSpaces":true,"tabSize":2}
meat-app-starter/src/app/restaurant-details/shopping-cart/shopping-cart.service.ts: {"insertSpaces":true,"tabSize":2}
meat-app-starter/src/app/restaurant-details/shopping-cart/shopping-cart.service.ts: Using EditorConfig core...
src/app/restaurant-details/shopping-cart/shopping-cart.service.ts: editor.action.trimTrailingWhitespace
Detected change in configuration: {}
meat-app-starter/src/app/restaurant-details/shopping-cart/shopping-cart.service.ts: {"insertSpaces":true,"tabSize":2}
meat-app-starter/src/app/restaurant-details/shopping-cart/shopping-cart.service.ts: {"insertSpaces":true,"tabSize":2}
meat-app-starter/src/app/restaurant-details/shopping-cart/shopping-cart.service.ts: {"insertSpaces":true,"tabSize":2}
meat-app-starter/src/app/restaurant-details/shopping-cart/shopping-cart.service.ts: Using EditorConfig core...
src/app/restaurant-details/shopping-cart/shopping-cart.service.ts: editor.action.trimTrailingWhitespace
meat-app-starter/src/app/restaurant-details/shopping-cart/shopping-cart.service.ts: {"insertSpaces":true,"tabSize":2}
meat-app-starter/src/app/restaurant-details/shopping-cart/shopping-cart.service.ts: Using EditorConfig core...
src/app/restaurant-details/shopping-cart/shopping-cart.service.ts: editor.action.trimTrailingWhitespace
meat-app-starter/src/app/restaurant-details/shopping-cart/shopping-cart.service.ts: {"insertSpaces":true,"tabSize":2}
meat-app-starter/src/app/restaurant-details/shopping-cart/shopping-cart.service.ts: {"insertSpaces":true,"tabSize":2}
meat-app-starter/src/app/restaurant-details/shopping-cart/cart-item.model.ts: {"insertSpaces":true,"tabSize":2}
meat-app-starter/src/app/restaurant-details/shopping-cart/cart-item.model.ts: {"insertSpaces":true,"tabSize":2}
meat-app-starter/src/app/restaurant-details/shopping-cart/cart-item.model.ts: {"insertSpaces":true,"tabSize":2}
meat-app-starter/src/app/restaurant-details/shopping-cart/cart-item.model.ts: {"insertSpaces":true,"tabSize":2}
meat-app-starter/src/app/restaurant-details/shopping-cart/cart-item.model.ts: {"insertSpaces":true,"tabSize":2}
meat-app-starter/src/app/restaurant-details/shopping-cart/cart-item.model.ts: {"insertSpaces":true,"tabSize":2}
meat-app-starter/src/app/restaurant-details/shopping-cart/cart-item.model.ts: {"insertSpaces":true,"tabSize":2}
meat-app-starter/src/app/restaurant-details/shopping-cart/cart-item.model.ts: {"insertSpaces":true,"tabSize":2}
meat-app-starter/src/app/restaurant-details/shopping-cart/cart-item.model.ts: {"insertSpaces":true,"tabSize":2}
meat-app-starter/src/app/restaurant-details/shopping-cart/cart-item.model.ts: {"insertSpaces":true,"tabSize":2}
meat-app-starter/src/app/restaurant-details/shopping-cart/cart-item.model.ts: {"insertSpaces":true,"tabSize":2}
meat-app-starter/src/app/restaurant-details/shopping-cart/cart-item.model.ts: {"insertSpaces":true,"tabSize":2}
meat-app-starter/src/app/restaurant-details/shopping-cart/cart-item.model.ts: {"insertSpaces":true,"tabSize":2}
meat-app-starter/src/app/restaurant-details/shopping-cart/cart-item.model.ts: {"insertSpaces":true,"tabSize":2}
meat-app-starter/src/app/restaurant-details/shopping-cart/cart-item.model.ts: {"insertSpaces":true,"tabSize":2}
meat-app-starter/src/app/restaurant-details/shopping-cart/cart-item.model.ts: {"insertSpaces":true,"tabSize":2}
meat-app-starter/src/app/restaurant-details/shopping-cart/cart-item.model.ts: {"insertSpaces":true,"tabSize":2}
meat-app-starter/src/app/restaurant-details/shopping-cart/cart-item.model.ts: {"insertSpaces":true,"tabSize":2}
meat-app-starter/src/app/restaurant-details/shopping-cart/cart-item.model.ts: {"insertSpaces":true,"tabSize":2}
meat-app-starter/src/app/restaurant-details/shopping-cart/cart-item.model.ts: {"insertSpaces":true,"tabSize":2}
meat-app-starter/src/app/restaurant-details/shopping-cart/cart-item.model.ts: Using EditorConfig core...
src/app/restaurant-details/shopping-cart/cart-item.model.ts: editor.action.trimTrailingWhitespace
src/app/restaurant-details/shopping-cart/cart-item.model.ts: insertFinalNewline(LF)
meat-app-starter/src/app/restaurant-details/shopping-cart/cart-item.model.ts: {"insertSpaces":true,"tabSize":2}
meat-app-starter/src/app/restaurant-details/shopping-cart/cart-item.model.ts: {"insertSpaces":true,"tabSize":2}
meat-app-starter/src/app/restaurant-details/shopping-cart/cart-item.model.ts: {"insertSpaces":true,"tabSize":2}
meat-app-starter/src/app/restaurant-details/shopping-cart/cart-item.model.ts: {"insertSpaces":true,"tabSize":2}
meat-app-starter/src/app/restaurant-details/shopping-cart/cart-item.model.ts: {"insertSpaces":true,"tabSize":2}
meat-app-starter/src/app/restaurant-details/shopping-cart/cart-item.model.ts: {"insertSpaces":true,"tabSize":2}
meat-app-starter/src/app/restaurant-details/shopping-cart/cart-item.model.ts: {"insertSpaces":true,"tabSize":2}
meat-app-starter/src/app/restaurant-details/shopping-cart/cart-item.model.ts: {"insertSpaces":true,"tabSize":2}
meat-app-starter/src/app/restaurant-details/shopping-cart/cart-item.model.ts: {"insertSpaces":true,"tabSize":2}
meat-app-starter/src/app/restaurant-details/shopping-cart/cart-item.model.ts: {"insertSpaces":true,"tabSize":2}
meat-app-starter/src/app/restaurant-details/shopping-cart/cart-item.model.ts: {"insertSpaces":true,"tabSize":2}
meat-app-starter/src/app/restaurant-details/shopping-cart/cart-item.model.ts: {"insertSpaces":true,"tabSize":2}
meat-app-starter/src/app/restaurant-details/shopping-cart/cart-item.model.ts: {"insertSpaces":true,"tabSize":2}
meat-app-starter/src/app/restaurant-details/shopping-cart/cart-item.model.ts: {"insertSpaces":true,"tabSize":2}
meat-app-starter/src/app/restaurant-details/shopping-cart/cart-item.model.ts: {"insertSpaces":true,"tabSize":2}
meat-app-starter/src/app/restaurant-details/shopping-cart/cart-item.model.ts: Using EditorConfig core...
src/app/restaurant-details/shopping-cart/cart-item.model.ts: editor.action.trimTrailingWhitespace
meat-app-starter/src/app/restaurant-details/shopping-cart/cart-item.model.ts: {"insertSpaces":true,"tabSize":2}
meat-app-starter/src/app/restaurant-details/shopping-cart/cart-item.model.ts: {"insertSpaces":true,"tabSize":2}
meat-app-starter/src/app/restaurant-details/shopping-cart/cart-item.model.ts: {"insertSpaces":true,"tabSize":2}
meat-app-starter/src/app/restaurant-details/shopping-cart/cart-item.model.ts: {"insertSpaces":true,"tabSize":2}
meat-app-starter/src/app/restaurant-details/shopping-cart/cart-item.model.ts: {"insertSpaces":true,"tabSize":2}
meat-app-starter/src/app/restaurant-details/shopping-cart/cart-item.model.ts: {"insertSpaces":true,"tabSize":2}
meat-app-starter/src/app/restaurant-details/shopping-cart/cart-item.model.ts: {"insertSpaces":true,"tabSize":2}
meat-app-starter/src/app/restaurant-details/shopping-cart/cart-item.model.ts: {"insertSpaces":true,"tabSize":2}
meat-app-starter/src/app/restaurant-details/shopping-cart/cart-item.model.ts: {"insertSpaces":true,"tabSize":2}
meat-app-starter/src/app/restaurant-details/shopping-cart/cart-item.model.ts: {"insertSpaces":true,"tabSize":2}
meat-app-starter/src/app/restaurant-details/shopping-cart/shopping-cart.service.ts: {"insertSpaces":true,"tabSize":2}
meat-app-starter/src/app/restaurant-details/shopping-cart/shopping-cart.service.ts: {"insertSpaces":true,"tabSize":2}
meat-app-starter/src/app/restaurant-details/shopping-cart/shopping-cart.service.ts: {"insertSpaces":true,"tabSize":2}
meat-app-starter/src/app/restaurant-details/shopping-cart/shopping-cart.service.ts: {"insertSpaces":true,"tabSize":2}
meat-app-starter/src/app/restaurant-details/shopping-cart/shopping-cart.service.ts: {"insertSpaces":true,"tabSize":2}
meat-app-starter/src/app/restaurant-details/shopping-cart/shopping-cart.service.ts: {"insertSpaces":true,"tabSize":2}
meat-app-starter/src/app/restaurant-details/shopping-cart/shopping-cart.service.ts: {"insertSpaces":true,"tabSize":2}
meat-app-starter/src/app/restaurant-details/shopping-cart/shopping-cart.service.ts: {"insertSpaces":true,"tabSize":2}
meat-app-starter/src/app/restaurant-details/shopping-cart/shopping-cart.service.ts: Using EditorConfig core...
src/app/restaurant-details/shopping-cart/shopping-cart.service.ts: editor.action.trimTrailingWhitespace
meat-app-starter/src/app/restaurant-details/shopping-cart/shopping-cart.service.ts: {"insertSpaces":true,"tabSize":2}
meat-app-starter/src/app/restaurant-details/shopping-cart/shopping-cart.service.ts: Using EditorConfig core...
src/app/restaurant-details/shopping-cart/shopping-cart.service.ts: editor.action.trimTrailingWhitespace
meat-app-starter/src/app/restaurant-details/shopping-cart/shopping-cart.service.ts: {"insertSpaces":true,"tabSize":2}
meat-app-starter/src/app/restaurant-details/shopping-cart/shopping-cart.service.ts: Using EditorConfig core...
src/app/restaurant-details/shopping-cart/shopping-cart.service.ts: editor.action.trimTrailingWhitespace
meat-app-starter/src/app/restaurant-details/shopping-cart/shopping-cart.service.ts: {"insertSpaces":true,"tabSize":2}
meat-app-starter/src/app/restaurant-details/shopping-cart/shopping-cart.service.ts: {"insertSpaces":true,"tabSize":2}
meat-app-starter/src/app/restaurant-details/shopping-cart/shopping-cart.service.ts: {"insertSpaces":true,"tabSize":2}
meat-app-starter/src/app/restaurant-details/shopping-cart/shopping-cart.service.ts: {"insertSpaces":true,"tabSize":2}
meat-app-starter/src/app/restaurant-details/shopping-cart/shopping-cart.service.ts: {"insertSpaces":true,"tabSize":2}
meat-app-starter/src/app/restaurant-details/shopping-cart/shopping-cart.service.ts: {"insertSpaces":true,"tabSize":2}
meat-app-starter/src/app/restaurant-details/shopping-cart/shopping-cart.service.ts: {"insertSpaces":true,"tabSize":2}
meat-app-starter/src/app/restaurant-details/shopping-cart/shopping-cart.service.ts: Using EditorConfig core...
src/app/restaurant-details/shopping-cart/shopping-cart.service.ts: editor.action.trimTrailingWhitespace
meat-app-starter/src/app/restaurant-details/shopping-cart/shopping-cart.service.ts: {"insertSpaces":true,"tabSize":2}
meat-app-starter/src/app/restaurant-details/shopping-cart/shopping-cart.service.ts: Using EditorConfig core...
src/app/restaurant-details/shopping-cart/shopping-cart.service.ts: editor.action.trimTrailingWhitespace
meat-app-starter/src/app/restaurant-details/shopping-cart/shopping-cart.service.ts: {"insertSpaces":true,"tabSize":2}
meat-app-starter/src/app/restaurant-details/shopping-cart/shopping-cart.service.ts: Using EditorConfig core...
src/app/restaurant-details/shopping-cart/shopping-cart.service.ts: editor.action.trimTrailingWhitespace
meat-app-starter/src/app/restaurant-details/shopping-cart/shopping-cart.service.ts: {"insertSpaces":true,"tabSize":2}
meat-app-starter/src/app/restaurant-details/shopping-cart/shopping-cart.service.ts: {"insertSpaces":true,"tabSize":2}
meat-app-starter/src/app/restaurant-details/shopping-cart/shopping-cart.service.ts: {"insertSpaces":true,"tabSize":2}
meat-app-starter/src/app/restaurant-details/shopping-cart/shopping-cart.service.ts: {"insertSpaces":true,"tabSize":2}
meat-app-starter/src/app/restaurant-details/shopping-cart/shopping-cart.service.ts: {"insertSpaces":true,"tabSize":2}
meat-app-starter/src/app/restaurant-details/shopping-cart/shopping-cart.service.ts: {"insertSpaces":true,"tabSize":2}
meat-app-starter/src/app/restaurant-details/shopping-cart/shopping-cart.service.ts: {"insertSpaces":true,"tabSize":2}
meat-app-starter/src/app/restaurant-details/shopping-cart/shopping-cart.service.ts: {"insertSpaces":true,"tabSize":2}
meat-app-starter/src/app/restaurant-details/shopping-cart/shopping-cart.service.ts: {"insertSpaces":true,"tabSize":2}
meat-app-starter/src/app/restaurant-details/shopping-cart/shopping-cart.service.ts: {"insertSpaces":true,"tabSize":2}
meat-app-starter/src/app/restaurant-details/shopping-cart/shopping-cart.service.ts: {"insertSpaces":true,"tabSize":2}
meat-app-starter/src/app/restaurant-details/shopping-cart/shopping-cart.service.ts: {"insertSpaces":true,"tabSize":2}
meat-app-starter/src/app/restaurant-details/shopping-cart/cart-item.model.ts: {"insertSpaces":true,"tabSize":2}
meat-app-starter/src/app/restaurant-details/shopping-cart/cart-item.model.ts: Using EditorConfig core...
src/app/restaurant-details/shopping-cart/cart-item.model.ts: editor.action.trimTrailingWhitespace
meat-app-starter/src/app/restaurant-details/shopping-cart/shopping-cart.service.ts: {"insertSpaces":true,"tabSize":2}
meat-app-starter/src/app/restaurant-details/shopping-cart/shopping-cart.service.ts: {"insertSpaces":true,"tabSize":2}
meat-app-starter/src/app/restaurant-details/shopping-cart/cart-item.model.ts: {"insertSpaces":true,"tabSize":2}
meat-app-starter/src/app/restaurant-details/shopping-cart/cart-item.model.ts: Using EditorConfig core...
src/app/restaurant-details/shopping-cart/cart-item.model.ts: editor.action.trimTrailingWhitespace
meat-app-starter/src/app/restaurant-details/shopping-cart/shopping-cart.service.ts: {"insertSpaces":true,"tabSize":2}
meat-app-starter/src/app/restaurant-details/shopping-cart/shopping-cart.service.ts: {"insertSpaces":true,"tabSize":2}
meat-app-starter/src/app/restaurant-details/shopping-cart/shopping-cart.service.ts: {"insertSpaces":true,"tabSize":2}
meat-app-starter/src/app/restaurant-details/shopping-cart/shopping-cart.service.ts: {"insertSpaces":true,"tabSize":2}
meat-app-starter/src/app/restaurant-details/shopping-cart/shopping-cart.service.ts: {"insertSpaces":true,"tabSize":2}
meat-app-starter/src/app/restaurant-details/shopping-cart/shopping-cart.service.ts: {"insertSpaces":true,"tabSize":2}
meat-app-starter/src/app/restaurant-details/shopping-cart/shopping-cart.service.ts: {"insertSpaces":true,"tabSize":2}
meat-app-starter/src/app/restaurant-details/shopping-cart/shopping-cart.service.ts: {"insertSpaces":true,"tabSize":2}
meat-app-starter/src/app/restaurant-details/shopping-cart/shopping-cart.service.ts: Using EditorConfig core...
src/app/restaurant-details/shopping-cart/shopping-cart.service.ts: editor.action.trimTrailingWhitespace
meat-app-starter/src/app/restaurant-details/shopping-cart/shopping-cart.service.ts: {"insertSpaces":true,"tabSize":2}
meat-app-starter/src/app/restaurant-details/shopping-cart/shopping-cart.service.ts: Using EditorConfig core...
src/app/restaurant-details/shopping-cart/shopping-cart.service.ts: editor.action.trimTrailingWhitespace
meat-app-starter/src/app/restaurant-details/shopping-cart/shopping-cart.service.ts: {"insertSpaces":true,"tabSize":2}
meat-app-starter/src/app/restaurant-details/shopping-cart/shopping-cart.service.ts: Using EditorConfig core...
src/app/restaurant-details/shopping-cart/shopping-cart.service.ts: editor.action.trimTrailingWhitespace
meat-app-starter/src/app/restaurant-details/shopping-cart/cart-item.model.ts: {"insertSpaces":true,"tabSize":2}
meat-app-starter/src/app/restaurant-details/shopping-cart/shopping-cart.service.ts: {"insertSpaces":true,"tabSize":2}
meat-app-starter/src/app/restaurant-details/shopping-cart/shopping-cart.service.ts: {"insertSpaces":true,"tabSize":2}
meat-app-starter/src/app/restaurant-details/shopping-cart/shopping-cart.service.ts: {"insertSpaces":true,"tabSize":2}
meat-app-starter/src/app/restaurant-details/shopping-cart/shopping-cart.service.ts: {"insertSpaces":true,"tabSize":2}
meat-app-starter/src/app/restaurant-details/shopping-cart/shopping-cart.service.ts: Using EditorConfig core...
src/app/restaurant-details/shopping-cart/shopping-cart.service.ts: editor.action.trimTrailingWhitespace
meat-app-starter/src/app/restaurant-details/shopping-cart/shopping-cart.service.ts: {"insertSpaces":true,"tabSize":2}
meat-app-starter/src/app/restaurant-details/shopping-cart/shopping-cart.service.ts: {"insertSpaces":true,"tabSize":2}
meat-app-starter/src/app/restaurant-details/shopping-cart/shopping-cart.service.ts: {"insertSpaces":true,"tabSize":2}
meat-app-starter/src/app/restaurant-details/shopping-cart/shopping-cart.service.ts: {"insertSpaces":true,"tabSize":2}
meat-app-starter/src/app/restaurant-details/shopping-cart/shopping-cart.service.ts: Using EditorConfig core...
src/app/restaurant-details/shopping-cart/shopping-cart.service.ts: editor.action.trimTrailingWhitespace
meat-app-starter/src/app/restaurant-details/shopping-cart/shopping-cart.service.ts: {"insertSpaces":true,"tabSize":2}
meat-app-starter/src/app/restaurant-details/shopping-cart/shopping-cart.service.ts: Using EditorConfig core...
src/app/restaurant-details/shopping-cart/shopping-cart.service.ts: editor.action.trimTrailingWhitespace
meat-app-starter/src/app/restaurant-details/shopping-cart/shopping-cart.service.ts: {"insertSpaces":true,"tabSize":2}
meat-app-starter/src/app/restaurant-details/shopping-cart/shopping-cart.service.ts: {"insertSpaces":true,"tabSize":2}
meat-app-starter/src/app/restaurant-details/shopping-cart/shopping-cart.service.ts: {"insertSpaces":true,"tabSize":2}
meat-app-starter/src/app/restaurant-details/shopping-cart/shopping-cart.service.ts: {"insertSpaces":true,"tabSize":2}
meat-app-starter/src/app/restaurant-details/shopping-cart/shopping-cart.service.ts: Using EditorConfig core...
src/app/restaurant-details/shopping-cart/shopping-cart.service.ts: editor.action.trimTrailingWhitespace
meat-app-starter/src/app/restaurant-details/shopping-cart/shopping-cart.service.ts: Using EditorConfig core...
src/app/restaurant-details/shopping-cart/shopping-cart.service.ts: editor.action.trimTrailingWhitespace
meat-app-starter/src/app/restaurant-details/shopping-cart/shopping-cart.service.ts: {"insertSpaces":true,"tabSize":2}
meat-app-starter/src/app/restaurant-details/shopping-cart/shopping-cart.service.ts: Using EditorConfig core...
src/app/restaurant-details/shopping-cart/shopping-cart.service.ts: editor.action.trimTrailingWhitespace
meat-app-starter/src/app/restaurant-details/shopping-cart/shopping-cart.service.ts: Using EditorConfig core...
src/app/restaurant-details/shopping-cart/shopping-cart.service.ts: editor.action.trimTrailingWhitespace
meat-app-starter/src/app/restaurant-details/shopping-cart/shopping-cart.service.ts: Using EditorConfig core...
src/app/restaurant-details/shopping-cart/shopping-cart.service.ts: editor.action.trimTrailingWhitespace
meat-app-starter/src/app/restaurant-details/shopping-cart/shopping-cart.service.ts: {"insertSpaces":true,"tabSize":2}
meat-app-starter/src/app/restaurant-details/shopping-cart/shopping-cart.service.ts: {"insertSpaces":true,"tabSize":2}
meat-app-starter/src/app/restaurant-details/shopping-cart/shopping-cart.service.ts: {"insertSpaces":true,"tabSize":2}
meat-app-starter/src/app/restaurant-details/shopping-cart/shopping-cart.service.ts: {"insertSpaces":true,"tabSize":2}
meat-app-starter/src/app/restaurant-details/shopping-cart/shopping-cart.service.ts: {"insertSpaces":true,"tabSize":2}
meat-app-starter/src/app/restaurant-details/shopping-cart/shopping-cart.service.ts: {"insertSpaces":true,"tabSize":2}
meat-app-starter/src/app/restaurant-details/shopping-cart/shopping-cart.service.ts: {"insertSpaces":true,"tabSize":2}
meat-app-starter/src/app/restaurant-details/shopping-cart/shopping-cart.service.ts: {"insertSpaces":true,"tabSize":2}
meat-app-starter/src/app/restaurant-details/shopping-cart/shopping-cart.service.ts: Using EditorConfig core...
src/app/restaurant-details/shopping-cart/shopping-cart.service.ts: editor.action.trimTrailingWhitespace
meat-app-starter/src/app/restaurant-details/shopping-cart/shopping-cart.service.ts: Using EditorConfig core...
src/app/restaurant-details/shopping-cart/shopping-cart.service.ts: editor.action.trimTrailingWhitespace
meat-app-starter/src/app/restaurant-details/shopping-cart/shopping-cart.service.ts: Using EditorConfig core...
src/app/restaurant-details/shopping-cart/shopping-cart.service.ts: editor.action.trimTrailingWhitespace
meat-app-starter/src/app/restaurant-details/shopping-cart/shopping-cart.service.ts: {"insertSpaces":true,"tabSize":2}
meat-app-starter/src/app/restaurant-details/shopping-cart/shopping-cart.service.ts: {"insertSpaces":true,"tabSize":2}
meat-app-starter/src/app/restaurant-details/shopping-cart/shopping-cart.service.ts: {"insertSpaces":true,"tabSize":2}
meat-app-starter/src/app/restaurant-details/shopping-cart/shopping-cart.service.ts: {"insertSpaces":true,"tabSize":2}
meat-app-starter/src/app/restaurant-details/shopping-cart/shopping-cart.service.ts: Using EditorConfig core...
src/app/restaurant-details/shopping-cart/shopping-cart.service.ts: editor.action.trimTrailingWhitespace
meat-app-starter/src/app/restaurant-details/shopping-cart/shopping-cart.service.ts: {"insertSpaces":true,"tabSize":2}
meat-app-starter/src/app/restaurant-details/shopping-cart/shopping-cart.service.ts: Using EditorConfig core...
src/app/restaurant-details/shopping-cart/shopping-cart.service.ts: editor.action.trimTrailingWhitespace
meat-app-starter/src/app/restaurant-details/shopping-cart/shopping-cart.service.ts: {"insertSpaces":true,"tabSize":2}
meat-app-starter/src/app/restaurant-details/shopping-cart/shopping-cart.service.ts: {"insertSpaces":true,"tabSize":2}
meat-app-starter/src/app/restaurant-details/shopping-cart/shopping-cart.service.ts: {"insertSpaces":true,"tabSize":2}
meat-app-starter/src/app/restaurant-details/shopping-cart/shopping-cart.service.ts: {"insertSpaces":true,"tabSize":2}
meat-app-starter/src/app/restaurant-details/shopping-cart/shopping-cart.service.ts: {"insertSpaces":true,"tabSize":2}
meat-app-starter/src/app/restaurant-details/shopping-cart/shopping-cart.service.ts: {"insertSpaces":true,"tabSize":2}
meat-app-starter/src/app/restaurant-details/shopping-cart/shopping-cart.service.ts: {"insertSpaces":true,"tabSize":2}
meat-app-starter/src/app/restaurant-details/shopping-cart/shopping-cart.service.ts: Using EditorConfig core...
src/app/restaurant-details/shopping-cart/shopping-cart.service.ts: editor.action.trimTrailingWhitespace
meat-app-starter/src/app/restaurant-details/shopping-cart/shopping-cart.service.ts: {"insertSpaces":true,"tabSize":2}
meat-app-starter/src/app/restaurant-details/shopping-cart/shopping-cart.service.ts: Using EditorConfig core...
src/app/restaurant-details/shopping-cart/shopping-cart.service.ts: editor.action.trimTrailingWhitespace
meat-app-starter/src/app/restaurant-details/shopping-cart/shopping-cart.service.ts: Using EditorConfig core...
src/app/restaurant-details/shopping-cart/shopping-cart.service.ts: editor.action.trimTrailingWhitespace
meat-app-starter/src/app/restaurant-details/shopping-cart/shopping-cart.service.ts: Using EditorConfig core...
src/app/restaurant-details/shopping-cart/shopping-cart.service.ts: editor.action.trimTrailingWhitespace
meat-app-starter/src/app/restaurant-details/shopping-cart/shopping-cart.service.ts: Using EditorConfig core...
src/app/restaurant-details/shopping-cart/shopping-cart.service.ts: editor.action.trimTrailingWhitespace
meat-app-starter/src/app/restaurant-details/shopping-cart/shopping-cart.service.ts: Using EditorConfig core...
src/app/restaurant-details/shopping-cart/shopping-cart.service.ts: editor.action.trimTrailingWhitespace
meat-app-starter/src/app/restaurant-details/shopping-cart/shopping-cart.service.ts: {"insertSpaces":true,"tabSize":2}
meat-app-starter/src/app/restaurant-details/shopping-cart/shopping-cart.service.ts: Using EditorConfig core...
src/app/restaurant-details/shopping-cart/shopping-cart.service.ts: editor.action.trimTrailingWhitespace
meat-app-starter/src/app/restaurant-details/shopping-cart/shopping-cart.service.ts: Using EditorConfig core...
src/app/restaurant-details/shopping-cart/shopping-cart.service.ts: editor.action.trimTrailingWhitespace
meat-app-starter/src/app/restaurant-details/shopping-cart/shopping-cart.service.ts: {"insertSpaces":true,"tabSize":2}
meat-app-starter/src/app/restaurant-details/shopping-cart/shopping-cart.service.ts: {"insertSpaces":true,"tabSize":2}
meat-app-starter/src/app/restaurant-details/shopping-cart/shopping-cart.service.ts: {"insertSpaces":true,"tabSize":2}
meat-app-starter/src/app/restaurant-details/shopping-cart/shopping-cart.component.ts: {"insertSpaces":true,"tabSize":2}
meat-app-starter/src/app/restaurant-details/shopping-cart/shopping-cart.component.ts: {"insertSpaces":true,"tabSize":2}
meat-app-starter/src/app/restaurant-details/shopping-cart/shopping-cart.component.ts: Using EditorConfig core...
src/app/restaurant-details/shopping-cart/shopping-cart.component.ts: editor.action.trimTrailingWhitespace
meat-app-starter/src/app/restaurant-details/shopping-cart/shopping-cart.component.ts: {"insertSpaces":true,"tabSize":2}
meat-app-starter/src/app/restaurant-details/shopping-cart/shopping-cart.component.ts: {"insertSpaces":true,"tabSize":2}
meat-app-starter/src/app/restaurant-details/shopping-cart/shopping-cart.component.ts: {"insertSpaces":true,"tabSize":2}
meat-app-starter/src/app/restaurant-details/shopping-cart/shopping-cart.component.ts: {"insertSpaces":true,"tabSize":2}
meat-app-starter/src/app/restaurant-details/shopping-cart/shopping-cart.component.ts: {"insertSpaces":true,"tabSize":2}
meat-app-starter/src/app/restaurant-details/shopping-cart/shopping-cart.component.ts: {"insertSpaces":true,"tabSize":2}
meat-app-starter/src/app/restaurant-details/shopping-cart/shopping-cart.component.ts: {"insertSpaces":true,"tabSize":2}
meat-app-starter/src/app/restaurant-details/shopping-cart/shopping-cart.component.ts: {"insertSpaces":true,"tabSize":2}
meat-app-starter/src/app/restaurant-details/shopping-cart/shopping-cart.component.ts: {"insertSpaces":true,"tabSize":2}
meat-app-starter/src/app/restaurant-details/shopping-cart/shopping-cart.component.ts: {"insertSpaces":true,"tabSize":2}
meat-app-starter/src/app/restaurant-details/shopping-cart/shopping-cart.component.ts: {"insertSpaces":true,"tabSize":2}
meat-app-starter/src/app/restaurant-details/shopping-cart/shopping-cart.component.ts: {"insertSpaces":true,"tabSize":2}
meat-app-starter/src/app/restaurant-details/shopping-cart/shopping-cart.component.ts: {"insertSpaces":true,"tabSize":2}
meat-app-starter/src/app/restaurant-details/shopping-cart/shopping-cart.component.ts: {"insertSpaces":true,"tabSize":2}
meat-app-starter/src/app/restaurant-details/shopping-cart/shopping-cart.component.ts: {"insertSpaces":true,"tabSize":2}
meat-app-starter/src/app/restaurant-details/shopping-cart/shopping-cart.component.ts: Using EditorConfig core...
src/app/restaurant-details/shopping-cart/shopping-cart.component.ts: editor.action.trimTrailingWhitespace
meat-app-starter/src/app/restaurant-details/shopping-cart/shopping-cart.service.ts: {"insertSpaces":true,"tabSize":2}
meat-app-starter/src/app/restaurant-details/shopping-cart/shopping-cart.component.ts: {"insertSpaces":true,"tabSize":2}
meat-app-starter/src/app/restaurant-details/shopping-cart/shopping-cart.component.ts: {"insertSpaces":true,"tabSize":2}
meat-app-starter/src/app/restaurant-details/shopping-cart/shopping-cart.component.ts: {"insertSpaces":true,"tabSize":2}
meat-app-starter/src/app/restaurant-details/shopping-cart/shopping-cart.component.ts: {"insertSpaces":true,"tabSize":2}
meat-app-starter/src/app/restaurant-details/shopping-cart/shopping-cart.component.ts: {"insertSpaces":true,"tabSize":2}
meat-app-starter/src/app/restaurant-details/shopping-cart/shopping-cart.component.ts: Using EditorConfig core...
src/app/restaurant-details/shopping-cart/shopping-cart.component.ts: editor.action.trimTrailingWhitespace
meat-app-starter/src/app/restaurant-details/shopping-cart/shopping-cart.component.ts: {"insertSpaces":true,"tabSize":2}
meat-app-starter/src/app/restaurant-details/shopping-cart/shopping-cart.component.ts: {"insertSpaces":true,"tabSize":2}
meat-app-starter/src/app/restaurant-details/shopping-cart/shopping-cart.component.ts: {"insertSpaces":true,"tabSize":2}
meat-app-starter/src/app/restaurant-details/shopping-cart/shopping-cart.service.ts: {"insertSpaces":true,"tabSize":2}
meat-app-starter/src/app/restaurant-details/restaurant-details.component.html: {"insertSpaces":true,"tabSize":2}
meat-app-starter/src/app/restaurant-details/menu-item/menu-item.component.html: {"insertSpaces":true,"tabSize":2}
meat-app-starter/src/app/restaurant-details/menu-item/menu-item.component.css: {"insertSpaces":true,"tabSize":2}
meat-app-starter/src/app/restaurant-details/menu-item/menu-item.component.ts: {"insertSpaces":true,"tabSize":2}
meat-app-starter/src/app/restaurant-details/menu-item/menu-item.component.css: {"insertSpaces":true,"tabSize":2}
meat-app-starter/src/app/restaurant-details/menu-item/menu-item.component.html: {"insertSpaces":true,"tabSize":2}
meat-app-starter/src/app/restaurant-details/menu-item/menu-item.component.html: {"insertSpaces":true,"tabSize":2}
meat-app-starter/src/app/restaurant-details/menu/menu.component.ts: {"insertSpaces":true,"tabSize":2}
meat-app-starter/src/app/restaurant-details/restaurant-details.component.ts: {"insertSpaces":true,"tabSize":2}
meat-app-starter/src/app/restaurant-details/restaurant-details.component.ts: Using EditorConfig core...
src/app/restaurant-details/restaurant-details.component.ts: editor.action.trimTrailingWhitespace
meat-app-starter/src/app/restaurant-details/restaurant-details.component.ts: {"insertSpaces":true,"tabSize":2}
meat-app-starter/src/app/restaurant-details/restaurant-details.component.ts: {"insertSpaces":true,"tabSize":2}
meat-app-starter/src/app/restaurant-details/restaurant-details.component.ts: {"insertSpaces":true,"tabSize":2}
meat-app-starter/src/app/restaurant-details/restaurant-details.component.ts: {"insertSpaces":true,"tabSize":2}
meat-app-starter/src/app/restaurants/restaurants.service.ts: {"insertSpaces":true,"tabSize":2}
meat-app-starter/src/app/restaurants/restaurants.service.ts: Using EditorConfig core...
src/app/restaurants/restaurants.service.ts: editor.action.trimTrailingWhitespace
meat-app-starter/src/app/restaurants/restaurants.service.ts: {"insertSpaces":true,"tabSize":2}
meat-app-starter/src/app/restaurants/restaurants.service.ts: {"insertSpaces":true,"tabSize":2}
meat-app-starter/src/app/restaurants/restaurants.service.ts: {"insertSpaces":true,"tabSize":2}
meat-app-starter/src/app/restaurants/restaurants.service.ts: {"insertSpaces":true,"tabSize":2}
meat-app-starter/src/app/restaurants/restaurants.service.ts: {"insertSpaces":true,"tabSize":2}
meat-app-starter/src/app/restaurants/restaurants.service.ts: {"insertSpaces":true,"tabSize":2}
meat-app-starter/src/app/restaurants/restaurants.service.ts: {"insertSpaces":true,"tabSize":2}
meat-app-starter/src/app/restaurants/restaurants.service.ts: {"insertSpaces":true,"tabSize":2}
meat-app-starter/src/app/restaurants/restaurants.service.ts: {"insertSpaces":true,"tabSize":2}
meat-app-starter/src/app/restaurants/restaurants.component.ts: {"insertSpaces":true,"tabSize":2}
meat-app-starter/src/app/restaurants/restaurants.component.ts: Using EditorConfig core...
src/app/restaurants/restaurants.component.ts: editor.action.trimTrailingWhitespace
meat-app-starter/src/app/restaurants/restaurants.component.ts: {"insertSpaces":true,"tabSize":2}
meat-app-starter/src/app/app.module.ts: {"insertSpaces":true,"tabSize":2}
meat-app-starter/src/app/app.module.ts: {"insertSpaces":true,"tabSize":2}
meat-app-starter/src/app/app.module.ts: Using EditorConfig core...
src/app/app.module.ts: editor.action.trimTrailingWhitespace
meat-app-starter/src/app/app.module.ts: Using EditorConfig core...
src/app/app.module.ts: editor.action.trimTrailingWhitespace
meat-app-starter/src/app/app.module.ts: {"insertSpaces":true,"tabSize":2}
meat-app-starter/src/app/app.module.ts: Using EditorConfig core...
src/app/app.module.ts: editor.action.trimTrailingWhitespace
meat-app-starter/src/app/app.module.ts: Using EditorConfig core...
src/app/app.module.ts: editor.action.trimTrailingWhitespace
meat-app-starter/src/app/app.module.ts: {"insertSpaces":true,"tabSize":2}
meat-app-starter/src/app/app.module.ts: {"insertSpaces":true,"tabSize":2}
meat-app-starter/src/app/app.module.ts: {"insertSpaces":true,"tabSize":2}
meat-app-starter/src/app/app.module.ts: {"insertSpaces":true,"tabSize":2}
meat-app-starter/src/app/restaurants/restaurants.component.ts: {"insertSpaces":true,"tabSize":2}
meat-app-starter/src/app/restaurants/restaurants.component.ts: Using EditorConfig core...
src/app/restaurants/restaurants.component.ts: editor.action.trimTrailingWhitespace
meat-app-starter/src/app/restaurants/restaurants.component.ts: {"insertSpaces":true,"tabSize":2}
meat-app-starter/src/app/restaurants/restaurants.component.ts: {"insertSpaces":true,"tabSize":2}
meat-app-starter/src/app/restaurants/restaurants.component.ts: {"insertSpaces":true,"tabSize":2}
meat-app-starter/src/app/restaurants/restaurants.component.ts: {"insertSpaces":true,"tabSize":2}
meat-app-starter/src/app/restaurant-details/shopping-cart/shopping-cart.component.html: {"insertSpaces":true,"tabSize":2}
meat-app-starter/src/app/restaurant-details/shopping-cart/shopping-cart.component.html: Using EditorConfig core...
src/app/restaurant-details/shopping-cart/shopping-cart.component.html: editor.action.trimTrailingWhitespace
meat-app-starter/src/app/restaurant-details/shopping-cart/shopping-cart.component.html: {"insertSpaces":true,"tabSize":2}
meat-app-starter/src/app/restaurant-details/shopping-cart/shopping-cart.component.html: {"insertSpaces":true,"tabSize":2}
meat-app-starter/src/app/restaurant-details/shopping-cart/shopping-cart.component.html: {"insertSpaces":true,"tabSize":2}
meat-app-starter/src/app/restaurant-details/shopping-cart/shopping-cart.component.html: {"insertSpaces":true,"tabSize":2}
meat-app-starter/src/app/restaurant-details/shopping-cart/shopping-cart.component.html: {"insertSpaces":true,"tabSize":2}
meat-app-starter/src/app/restaurant-details/shopping-cart/shopping-cart.component.html: {"insertSpaces":true,"tabSize":2}
meat-app-starter/src/app/restaurant-details/shopping-cart/shopping-cart.component.html: {"insertSpaces":true,"tabSize":2}
meat-app-starter/src/app/restaurant-details/shopping-cart/shopping-cart.component.html: Using EditorConfig core...
src/app/restaurant-details/shopping-cart/shopping-cart.component.html: editor.action.trimTrailingWhitespace
meat-app-starter/src/app/restaurant-details/shopping-cart/shopping-cart.component.html: {"insertSpaces":true,"tabSize":2}
meat-app-starter/src/app/restaurant-details/shopping-cart/shopping-cart.component.html: {"insertSpaces":true,"tabSize":2}
meat-app-starter/src/app/restaurant-details/shopping-cart/shopping-cart.component.html: {"insertSpaces":true,"tabSize":2}
meat-app-starter/src/app/restaurant-details/shopping-cart/shopping-cart.component.html: {"insertSpaces":true,"tabSize":2}
meat-app-starter/src/app/app.module.ts: {"insertSpaces":true,"tabSize":2}
meat-app-starter/src/app/app.module.ts: Using EditorConfig core...
src/app/app.module.ts: editor.action.trimTrailingWhitespace
meat-app-starter/src/app/app.module.ts: Using EditorConfig core...
src/app/app.module.ts: editor.action.trimTrailingWhitespace
meat-app-starter/src/app/app.module.ts: Using EditorConfig core...
src/app/app.module.ts: editor.action.trimTrailingWhitespace
meat-app-starter/src/app/app.module.ts: {"insertSpaces":true,"tabSize":2}
meat-app-starter/src/app/app.module.ts: {"insertSpaces":true,"tabSize":2}
meat-app-starter/src/app/app.module.ts: {"insertSpaces":true,"tabSize":2}
meat-app-starter/src/app/app.module.ts: {"insertSpaces":true,"tabSize":2}
meat-app-starter/src/app/app.module.ts: {"insertSpaces":true,"tabSize":2}
meat-app-starter/src/app/app.module.ts: {"insertSpaces":true,"tabSize":2}
meat-app-starter/src/app/restaurants/restaurants.component.ts: {"insertSpaces":true,"tabSize":2}
meat-app-starter/src/app/restaurant-details/restaurant-details.component.html: {"insertSpaces":true,"tabSize":2}
meat-app-starter/src/app/restaurants/restaurants.component.ts: {"insertSpaces":true,"tabSize":2}
meat-app-starter/src/app/restaurants/restaurants.service.ts: {"insertSpaces":true,"tabSize":2}
meat-app-starter/src/app/restaurants/restaurants.service.ts: {"insertSpaces":true,"tabSize":2}
meat-app-starter/src/app/restaurant-details/shopping-cart/shopping-cart.service.ts: {"insertSpaces":true,"tabSize":2}
meat-app-starter/src/app/restaurant-details/shopping-cart/shopping-cart.service.ts: Using EditorConfig core...
src/app/restaurant-details/shopping-cart/shopping-cart.service.ts: editor.action.trimTrailingWhitespace
meat-app-starter/src/app/restaurant-details/shopping-cart/shopping-cart.service.ts: {"insertSpaces":true,"tabSize":2}
meat-app-starter/src/app/restaurants/restaurants.service.ts: {"insertSpaces":true,"tabSize":2}
meat-app-starter/src/app/restaurants/restaurants.service.ts: Using EditorConfig core...
src/app/restaurants/restaurants.service.ts: editor.action.trimTrailingWhitespace
meat-app-starter/src/app/restaurants/restaurants.service.ts: {"insertSpaces":true,"tabSize":2}
meat-app-starter/src/app/restaurants/restaurants.service.ts: {"insertSpaces":true,"tabSize":2}
meat-app-starter/src/app/restaurants/restaurants.service.ts: {"insertSpaces":true,"tabSize":2}
meat-app-starter/src/app/restaurant-details/shopping-cart/shopping-cart.component.html: {"insertSpaces":true,"tabSize":2}
meat-app-starter/src/app/restaurant-details/shopping-cart/shopping-cart.component.html: Using EditorConfig core...
src/app/restaurant-details/shopping-cart/shopping-cart.component.html: editor.action.trimTrailingWhitespace
meat-app-starter/src/app/restaurant-details/shopping-cart/shopping-cart.component.html: {"insertSpaces":true,"tabSize":2}
meat-app-starter/src/app/restaurant-details/shopping-cart/shopping-cart.component.html: {"insertSpaces":true,"tabSize":2}
meat-app-starter/src/app/restaurant-details/shopping-cart/shopping-cart.component.html: {"insertSpaces":true,"tabSize":2}
meat-app-starter/src/app/restaurant-details/shopping-cart/shopping-cart.component.html: Using EditorConfig core...
src/app/restaurant-details/shopping-cart/shopping-cart.component.html: editor.action.trimTrailingWhitespace
meat-app-starter/src/app/restaurant-details/shopping-cart/shopping-cart.component.html: {"insertSpaces":true,"tabSize":2}
meat-app-starter/src/app/restaurant-details/shopping-cart/shopping-cart.component.html: {"insertSpaces":true,"tabSize":2}
meat-app-starter/src/app/restaurant-details/shopping-cart/shopping-cart.component.html: {"insertSpaces":true,"tabSize":2}
meat-app-starter/src/app/restaurant-details/shopping-cart/shopping-cart.component.html: {"insertSpaces":true,"tabSize":2}
meat-app-starter/src/app/restaurant-details/shopping-cart/shopping-cart.component.html: Using EditorConfig core...
src/app/restaurant-details/shopping-cart/shopping-cart.component.html: editor.action.trimTrailingWhitespace
meat-app-starter/src/app/restaurant-details/shopping-cart/shopping-cart.component.ts: {"insertSpaces":true,"tabSize":2}
meat-app-starter/src/app/restaurant-details/shopping-cart/shopping-cart.component.ts: Using EditorConfig core...
src/app/restaurant-details/shopping-cart/shopping-cart.component.ts: editor.action.trimTrailingWhitespace
meat-app-starter/src/app/restaurant-details/shopping-cart/shopping-cart.component.html: {"insertSpaces":true,"tabSize":2}
meat-app-starter/src/app/restaurant-details/shopping-cart/shopping-cart.component.html: {"insertSpaces":true,"tabSize":2}
meat-app-starter/src/app/restaurant-details/shopping-cart/shopping-cart.component.html: {"insertSpaces":true,"tabSize":2}
meat-app-starter/src/app/restaurant-details/shopping-cart/shopping-cart.component.html: {"insertSpaces":true,"tabSize":2}
meat-app-starter/src/app/restaurant-details/shopping-cart/shopping-cart.component.html: Using EditorConfig core...
src/app/restaurant-details/shopping-cart/shopping-cart.component.html: editor.action.trimTrailingWhitespace
meat-app-starter/src/app/restaurant-details/shopping-cart/shopping-cart.component.html: {"insertSpaces":true,"tabSize":2}
meat-app-starter/src/app/restaurant-details/shopping-cart/shopping-cart.component.html: {"insertSpaces":true,"tabSize":2}
meat-app-starter/src/app/restaurant-details/shopping-cart/shopping-cart.component.html: {"insertSpaces":true,"tabSize":2}
meat-app-starter/src/app/restaurant-details/shopping-cart/shopping-cart.component.html: {"insertSpaces":true,"tabSize":2}
meat-app-starter/src/app/restaurant-details/shopping-cart/shopping-cart.component.html: Using EditorConfig core...
src/app/restaurant-details/shopping-cart/shopping-cart.component.html: editor.action.trimTrailingWhitespace
meat-app-starter/src/app/restaurant-details/shopping-cart/shopping-cart.component.html: {"insertSpaces":true,"tabSize":2}
meat-app-starter/src/app/restaurant-details/shopping-cart/shopping-cart.component.html: {"insertSpaces":true,"tabSize":2}
meat-app-starter/src/app/restaurant-details/shopping-cart/shopping-cart.component.html: {"insertSpaces":true,"tabSize":2}
meat-app-starter/src/app/restaurant-details/shopping-cart/shopping-cart.component.html: {"insertSpaces":true,"tabSize":2}
meat-app-starter/src/app/restaurant-details/shopping-cart/shopping-cart.component.html: {"insertSpaces":true,"tabSize":2}
meat-app-starter/src/app/restaurant-details/shopping-cart/shopping-cart.component.html: {"insertSpaces":true,"tabSize":2}
meat-app-starter/src/app/restaurant-details/shopping-cart/shopping-cart.component.html: {"insertSpaces":true,"tabSize":2}
meat-app-starter/src/app/restaurant-details/shopping-cart/shopping-cart.component.html: {"insertSpaces":true,"tabSize":2}
meat-app-starter/src/app/restaurant-details/shopping-cart/shopping-cart.component.html: {"insertSpaces":true,"tabSize":2}
meat-app-starter/src/app/restaurant-details/shopping-cart/shopping-cart.component.html: Using EditorConfig core...
src/app/restaurant-details/shopping-cart/shopping-cart.component.html: editor.action.trimTrailingWhitespace
meat-app-starter/src/app/restaurant-details/shopping-cart/shopping-cart.component.html: Using EditorConfig core...
src/app/restaurant-details/shopping-cart/shopping-cart.component.html: editor.action.trimTrailingWhitespace
meat-app-starter/src/app/restaurant-details/shopping-cart/shopping-cart.component.html: {"insertSpaces":true,"tabSize":2}
meat-app-starter/src/app/restaurant-details/shopping-cart/shopping-cart.component.html: {"insertSpaces":true,"tabSize":2}
meat-app-starter/src/app/restaurant-details/shopping-cart/shopping-cart.component.html: {"insertSpaces":true,"tabSize":2}
meat-app-starter/src/app/restaurant-details/shopping-cart/shopping-cart.component.html: {"insertSpaces":true,"tabSize":2}
meat-app-starter/src/app/restaurant-details/shopping-cart/shopping-cart.component.html: {"insertSpaces":true,"tabSize":2}
meat-app-starter/src/app/restaurant-details/shopping-cart/shopping-cart.component.html: Using EditorConfig core...
src/app/restaurant-details/shopping-cart/shopping-cart.component.html: editor.action.trimTrailingWhitespace
meat-app-starter/src/app/restaurant-details/shopping-cart/shopping-cart.component.html: {"insertSpaces":true,"tabSize":2}
meat-app-starter/src/app/restaurant-details/shopping-cart/shopping-cart.component.html: Using EditorConfig core...
src/app/restaurant-details/shopping-cart/shopping-cart.component.html: editor.action.trimTrailingWhitespace
meat-app-starter/src/app/restaurant-details/shopping-cart/shopping-cart.component.html: Using EditorConfig core...
src/app/restaurant-details/shopping-cart/shopping-cart.component.html: editor.action.trimTrailingWhitespace
meat-app-starter/src/app/restaurant-details/shopping-cart/shopping-cart.component.html: {"insertSpaces":true,"tabSize":2}
meat-app-starter/src/app/restaurant-details/shopping-cart/shopping-cart.component.html: {"insertSpaces":true,"tabSize":2}
meat-app-starter/src/app/restaurant-details/shopping-cart/shopping-cart.component.html: {"insertSpaces":true,"tabSize":2}
meat-app-starter/src/app/restaurant-details/shopping-cart/shopping-cart.component.html: {"insertSpaces":true,"tabSize":2}
meat-app-starter/src/app/restaurant-details/shopping-cart/shopping-cart.component.html: {"insertSpaces":true,"tabSize":2}
meat-app-starter/src/app/restaurant-details/shopping-cart/shopping-cart.component.html: {"insertSpaces":true,"tabSize":2}
meat-app-starter/src/app/restaurant-details/shopping-cart/shopping-cart.component.html: Using EditorConfig core...
src/app/restaurant-details/shopping-cart/shopping-cart.component.html: editor.action.trimTrailingWhitespace
meat-app-starter/src/app/restaurant-details/shopping-cart/shopping-cart.component.html: Using EditorConfig core...
src/app/restaurant-details/shopping-cart/shopping-cart.component.html: editor.action.trimTrailingWhitespace
meat-app-starter/src/app/restaurant-details/shopping-cart/shopping-cart.component.html: {"insertSpaces":true,"tabSize":2}
meat-app-starter/src/app/restaurant-details/shopping-cart/shopping-cart.component.html: {"insertSpaces":true,"tabSize":2}
meat-app-starter/src/app/restaurant-details/shopping-cart/shopping-cart.component.html: {"insertSpaces":true,"tabSize":2}
meat-app-starter/src/app/restaurant-details/shopping-cart/shopping-cart.component.html: Using EditorConfig core...
src/app/restaurant-details/shopping-cart/shopping-cart.component.html: editor.action.trimTrailingWhitespace
meat-app-starter/src/app/restaurant-details/shopping-cart/shopping-cart.component.html: Using EditorConfig core...
src/app/restaurant-details/shopping-cart/shopping-cart.component.html: editor.action.trimTrailingWhitespace
meat-app-starter/src/app/restaurant-details/shopping-cart/shopping-cart.component.html: {"insertSpaces":true,"tabSize":2}
meat-app-starter/src/app/restaurant-details/shopping-cart/shopping-cart.component.html: {"insertSpaces":true,"tabSize":2}
meat-app-starter/src/app/restaurant-details/shopping-cart/shopping-cart.component.html: {"insertSpaces":true,"tabSize":2}
meat-app-starter/src/app/restaurant-details/shopping-cart/shopping-cart.component.html: {"insertSpaces":true,"tabSize":2}
meat-app-starter/src/app/restaurant-details/shopping-cart/shopping-cart.component.html: {"insertSpaces":true,"tabSize":2}
meat-app-starter/src/app/restaurant-details/shopping-cart/shopping-cart.component.html: {"insertSpaces":true,"tabSize":2}
meat-app-starter/src/app/restaurant-details/shopping-cart/shopping-cart.component.html: {"insertSpaces":true,"tabSize":2}
meat-app-starter/src/app/restaurant-details/shopping-cart/shopping-cart.component.html: {"insertSpaces":true,"tabSize":2}
meat-app-starter/src/app/restaurant-details/shopping-cart/shopping-cart.component.html: Using EditorConfig core...
src/app/restaurant-details/shopping-cart/shopping-cart.component.html: editor.action.trimTrailingWhitespace
meat-app-starter/src/app/restaurant-details/shopping-cart/shopping-cart.component.html: {"insertSpaces":true,"tabSize":2}
meat-app-starter/src/app/restaurant-details/shopping-cart/shopping-cart.component.html: {"insertSpaces":true,"tabSize":2}
meat-app-starter/src/app/restaurant-details/shopping-cart/shopping-cart.component.html: {"insertSpaces":true,"tabSize":2}
meat-app-starter/src/app/restaurant-details/shopping-cart/shopping-cart.component.ts: {"insertSpaces":true,"tabSize":2}
meat-app-starter/src/app/restaurant-details/shopping-cart/shopping-cart.component.ts: {"insertSpaces":true,"tabSize":2}
meat-app-starter/src/app/restaurant-details/shopping-cart/shopping-cart.service.ts: {"insertSpaces":true,"tabSize":2}
meat-app-starter/src/app/restaurant-details/restaurant-details.component.ts: {"insertSpaces":true,"tabSize":2}
meat-app-starter/src/app/restaurant-details/restaurant-details.component.html: {"insertSpaces":true,"tabSize":2}
meat-app-starter/src/app/restaurant-details/shopping-cart/shopping-cart.component.ts: {"insertSpaces":true,"tabSize":2}
meat-app-starter/src/app/restaurant-details/shopping-cart/shopping-cart.component.ts: Using EditorConfig core...
src/app/restaurant-details/shopping-cart/shopping-cart.component.ts: editor.action.trimTrailingWhitespace
meat-app-starter/src/app/restaurant-details/shopping-cart/shopping-cart.component.ts: {"insertSpaces":true,"tabSize":2}
meat-app-starter/src/app/restaurant-details/restaurant-details.component.ts: {"insertSpaces":true,"tabSize":2}
meat-app-starter/src/app/restaurant-details/restaurant-details.component.html: {"insertSpaces":true,"tabSize":2}
meat-app-starter/src/app/restaurant-details/shopping-cart/shopping-cart.component.html: {"insertSpaces":true,"tabSize":2}
meat-app-starter/src/app/restaurant-details/shopping-cart/shopping-cart.component.html: {"insertSpaces":true,"tabSize":2}
meat-app-starter/src/app/restaurant-details/shopping-cart/shopping-cart.component.html: {"insertSpaces":true,"tabSize":2}
meat-app-starter/src/app/restaurant-details/shopping-cart/shopping-cart.component.html: {"insertSpaces":true,"tabSize":2}
meat-app-starter/src/app/restaurant-details/shopping-cart/shopping-cart.component.html: Using EditorConfig core...
src/app/restaurant-details/shopping-cart/shopping-cart.component.html: editor.action.trimTrailingWhitespace
meat-app-starter/src/app/restaurant-details/shopping-cart/shopping-cart.component.html: {"insertSpaces":true,"tabSize":2}
meat-app-starter/src/app/restaurant-details/shopping-cart/shopping-cart.component.html: Using EditorConfig core...
src/app/restaurant-details/shopping-cart/shopping-cart.component.html: editor.action.trimTrailingWhitespace
meat-app-starter/src/app/restaurant-details/shopping-cart/shopping-cart.component.html: {"insertSpaces":true,"tabSize":2}
meat-app-starter/src/app/restaurant-details/shopping-cart/shopping-cart.component.html: {"insertSpaces":true,"tabSize":2}
meat-app-starter/src/app/restaurant-details/shopping-cart/shopping-cart.component.html: {"insertSpaces":true,"tabSize":2}
meat-app-starter/src/app/restaurant-details/shopping-cart/shopping-cart.component.ts: {"insertSpaces":true,"tabSize":2}
meat-app-starter/src/app/restaurant-details/shopping-cart/shopping-cart.component.ts: {"insertSpaces":true,"tabSize":2}
meat-app-starter/src/app/restaurant-details/shopping-cart/shopping-cart.component.ts: {"insertSpaces":true,"tabSize":2}
meat-app-starter/src/app/restaurant-details/shopping-cart/shopping-cart.component.ts: {"insertSpaces":true,"tabSize":2}
meat-app-starter/src/app/restaurant-details/shopping-cart/shopping-cart.component.html: {"insertSpaces":true,"tabSize":2}
meat-app-starter/src/app/restaurant-details/shopping-cart/shopping-cart.component.html: {"insertSpaces":true,"tabSize":2}
meat-app-starter/src/app/restaurant-details/shopping-cart/shopping-cart.component.html: {"insertSpaces":true,"tabSize":2}
meat-app-starter/src/app/restaurant-details/shopping-cart/shopping-cart.component.html: {"insertSpaces":true,"tabSize":2}
meat-app-starter/src/app/restaurant-details/shopping-cart/shopping-cart.component.html: Using EditorConfig core...
src/app/restaurant-details/shopping-cart/shopping-cart.component.html: editor.action.trimTrailingWhitespace
meat-app-starter/src/app/restaurant-details/shopping-cart/shopping-cart.component.html: {"insertSpaces":true,"tabSize":2}
meat-app-starter/src/app/restaurant-details/shopping-cart/shopping-cart.component.html: {"insertSpaces":true,"tabSize":2}
meat-app-starter/src/app/restaurant-details/shopping-cart/shopping-cart.component.html: {"insertSpaces":true,"tabSize":2}
meat-app-starter/src/app/restaurant-details/shopping-cart/shopping-cart.component.html: {"insertSpaces":true,"tabSize":2}
meat-app-starter/src/app/restaurant-details/shopping-cart/shopping-cart.component.html: {"insertSpaces":true,"tabSize":2}
meat-app-starter/src/app/restaurant-details/shopping-cart/shopping-cart.component.html: {"insertSpaces":true,"tabSize":2}
meat-app-starter/src/app/restaurant-details/shopping-cart/shopping-cart.component.html: {"insertSpaces":true,"tabSize":2}
meat-app-starter/src/app/restaurant-details/shopping-cart/shopping-cart.component.html: {"insertSpaces":true,"tabSize":2}
meat-app-starter/src/app/restaurant-details/shopping-cart/shopping-cart.component.html: Using EditorConfig core...
src/app/restaurant-details/shopping-cart/shopping-cart.component.html: editor.action.trimTrailingWhitespace
meat-app-starter/src/app/restaurant-details/shopping-cart/shopping-cart.component.html: {"insertSpaces":true,"tabSize":2}
meat-app-starter/src/app/restaurant-details/shopping-cart/shopping-cart.component.html: {"insertSpaces":true,"tabSize":2}
meat-app-starter/src/app/restaurant-details/shopping-cart/shopping-cart.component.html: {"insertSpaces":true,"tabSize":2}
meat-app-starter/src/app/restaurant-details/shopping-cart/shopping-cart.component.html: Using EditorConfig core...
src/app/restaurant-details/shopping-cart/shopping-cart.component.html: editor.action.trimTrailingWhitespace
meat-app-starter/src/app/restaurant-details/shopping-cart/shopping-cart.component.html: Using EditorConfig core...
src/app/restaurant-details/shopping-cart/shopping-cart.component.html: editor.action.trimTrailingWhitespace
meat-app-starter/src/app/restaurant-details/shopping-cart/shopping-cart.component.html: {"insertSpaces":true,"tabSize":2}
meat-app-starter/src/app/restaurant-details/shopping-cart/shopping-cart.component.html: Using EditorConfig core...
src/app/restaurant-details/shopping-cart/shopping-cart.component.html: editor.action.trimTrailingWhitespace
meat-app-starter/src/app/restaurant-details/shopping-cart/shopping-cart.component.html: {"insertSpaces":true,"tabSize":2}
meat-app-starter/src/app/restaurant-details/shopping-cart/shopping-cart.component.html: {"insertSpaces":true,"tabSize":2}
meat-app-starter/src/app/restaurant-details/shopping-cart/shopping-cart.service.ts: {"insertSpaces":true,"tabSize":2}
meat-app-starter/src/app/restaurant-details/shopping-cart/shopping-cart.component.ts: {"insertSpaces":true,"tabSize":2}
meat-app-starter/src/app/restaurant-details/shopping-cart/shopping-cart.component.ts: {"insertSpaces":true,"tabSize":2}
meat-app-starter/src/app/restaurant-details/shopping-cart/shopping-cart.component.ts: {"insertSpaces":true,"tabSize":2}
meat-app-starter/src/app/restaurant-details/shopping-cart/shopping-cart.component.ts: Using EditorConfig core...
src/app/restaurant-details/shopping-cart/shopping-cart.component.ts: editor.action.trimTrailingWhitespace
meat-app-starter/src/app/restaurant-details/shopping-cart/shopping-cart.component.ts: {"insertSpaces":true,"tabSize":2}
meat-app-starter/src/app/restaurant-details/shopping-cart/shopping-cart.component.ts: Using EditorConfig core...
src/app/restaurant-details/shopping-cart/shopping-cart.component.ts: editor.action.trimTrailingWhitespace
meat-app-starter/src/app/restaurant-details/shopping-cart/shopping-cart.component.ts: Using EditorConfig core...
src/app/restaurant-details/shopping-cart/shopping-cart.component.ts: editor.action.trimTrailingWhitespace
meat-app-starter/src/app/restaurant-details/shopping-cart/shopping-cart.component.ts: {"insertSpaces":true,"tabSize":2}
meat-app-starter/src/app/restaurant-details/shopping-cart/shopping-cart.component.html: {"insertSpaces":true,"tabSize":2}
meat-app-starter/src/app/restaurant-details/shopping-cart/shopping-cart.component.html: {"insertSpaces":true,"tabSize":2}
meat-app-starter/src/app/restaurant-details/shopping-cart/shopping-cart.component.html: Using EditorConfig core...
src/app/restaurant-details/shopping-cart/shopping-cart.component.html: editor.action.trimTrailingWhitespace
meat-app-starter/src/app/restaurant-details/shopping-cart/shopping-cart.component.html: {"insertSpaces":true,"tabSize":2}
meat-app-starter/src/app/restaurant-details/shopping-cart/shopping-cart.component.html: {"insertSpaces":true,"tabSize":2}
meat-app-starter/src/app/restaurant-details/shopping-cart/shopping-cart.component.html: {"insertSpaces":true,"tabSize":2}
meat-app-starter/src/app/restaurant-details/shopping-cart/shopping-cart.component.html: {"insertSpaces":true,"tabSize":2}
meat-app-starter/src/app/restaurant-details/shopping-cart/shopping-cart.component.html: Using EditorConfig core...
src/app/restaurant-details/shopping-cart/shopping-cart.component.html: editor.action.trimTrailingWhitespace
meat-app-starter/src/app/restaurant-details/shopping-cart/shopping-cart.component.html: {"insertSpaces":true,"tabSize":2}
meat-app-starter/src/app/restaurant-details/shopping-cart/shopping-cart.component.html: Using EditorConfig core...
src/app/restaurant-details/shopping-cart/shopping-cart.component.html: editor.action.trimTrailingWhitespace
meat-app-starter/src/app/restaurant-details/shopping-cart/shopping-cart.component.html: {"insertSpaces":true,"tabSize":2}
meat-app-starter/src/app/restaurant-details/shopping-cart/shopping-cart.component.html: {"insertSpaces":true,"tabSize":2}
meat-app-starter/src/app/restaurant-details/shopping-cart/shopping-cart.component.html: {"insertSpaces":true,"tabSize":2}
meat-app-starter/src/app/restaurant-details/shopping-cart/shopping-cart.component.html: {"insertSpaces":true,"tabSize":2}
meat-app-starter/src/app/restaurant-details/menu/menu.component.css: {"insertSpaces":true,"tabSize":2}
meat-app-starter/src/app/restaurant-details/menu/menu.component.html: {"insertSpaces":true,"tabSize":2}
meat-app-starter/src/app/restaurant-details/menu/menu.component.ts: {"insertSpaces":true,"tabSize":2}
meat-app-starter/src/app/restaurant-details/menu/menu.component.html: {"insertSpaces":true,"tabSize":2}
meat-app-starter/src/app/restaurant-details/menu/menu.component.html: {"insertSpaces":true,"tabSize":2}
meat-app-starter/src/app/restaurant-details/menu/menu.component.html: {"insertSpaces":true,"tabSize":2}
meat-app-starter/src/app/restaurant-details/menu/menu.component.html: {"insertSpaces":true,"tabSize":2}
meat-app-starter/src/app/restaurant-details/menu/menu.component.html: {"insertSpaces":true,"tabSize":2}
meat-app-starter/src/app/restaurant-details/menu/menu.component.html: Using EditorConfig core...
src/app/restaurant-details/menu/menu.component.html: editor.action.trimTrailingWhitespace
meat-app-starter/src/app/restaurant-details/menu/menu.component.html: {"insertSpaces":true,"tabSize":2}
meat-app-starter/src/app/restaurant-details/shopping-cart/shopping-cart.component.ts: {"insertSpaces":true,"tabSize":2}
meat-app-starter/src/app/restaurant-details/menu/menu.component.html: {"insertSpaces":true,"tabSize":2}
meat-app-starter/src/app/restaurant-details/menu/menu.component.html: {"insertSpaces":true,"tabSize":2}
meat-app-starter/src/app/restaurant-details/menu/menu.component.html: {"insertSpaces":true,"tabSize":2}
meat-app-starter/src/app/restaurant-details/menu/menu.component.html: Using EditorConfig core...
src/app/restaurant-details/menu/menu.component.html: editor.action.trimTrailingWhitespace
meat-app-starter/src/app/restaurant-details/menu/menu.component.html: {"insertSpaces":true,"tabSize":2}
meat-app-starter/src/app/restaurant-details/menu/menu.component.html: {"insertSpaces":true,"tabSize":2}
meat-app-starter/src/app/restaurant-details/menu/menu.component.html: {"insertSpaces":true,"tabSize":2}
meat-app-starter/src/app/restaurant-details/menu/menu.component.html: Using EditorConfig core...
src/app/restaurant-details/menu/menu.component.html: editor.action.trimTrailingWhitespace
meat-app-starter/src/app/restaurant-details/menu/menu.component.html: {"insertSpaces":true,"tabSize":2}
meat-app-starter/src/app/restaurant-details/menu/menu.component.html: {"insertSpaces":true,"tabSize":2}
meat-app-starter/src/app/restaurant-details/menu/menu.component.html: {"insertSpaces":true,"tabSize":2}
meat-app-starter/src/app/restaurant-details/menu/menu.component.html: {"insertSpaces":true,"tabSize":2}
meat-app-starter/src/app/restaurant-details/menu/menu.component.html: {"insertSpaces":true,"tabSize":2}
meat-app-starter/src/app/restaurant-details/menu/menu.component.html: {"insertSpaces":true,"tabSize":2}
meat-app-starter/src/app/restaurant-details/menu/menu.component.html: {"insertSpaces":true,"tabSize":2}
meat-app-starter/src/app/restaurant-details/menu/menu.component.html: {"insertSpaces":true,"tabSize":2}
meat-app-starter/src/app/restaurant-details/menu/menu.component.html: {"insertSpaces":true,"tabSize":2}
