Initializing document watcher...
Detected change in configuration: {}
meat-app-starter/src/app/restaurants/restaurants.service.ts: {"insertSpaces":true,"tabSize":2}
meat-app-starter/src/app/restaurants/restaurants.service.ts: {"insertSpaces":true,"tabSize":2}
meat-app-starter/src/app/restaurants/restaurants.service.ts: {"insertSpaces":true,"tabSize":2}
meat-app-starter/src/app/restaurants/restaurants.service.ts: {"insertSpaces":true,"tabSize":2}
meat-app-starter/src/app/restaurants/restaurants.service.ts: {"insertSpaces":true,"tabSize":2}
meat-app-starter/src/app/restaurants/restaurants.service.ts: {"insertSpaces":true,"tabSize":2}
meat-app-starter/src/app/restaurants/restaurants.service.ts: {"insertSpaces":true,"tabSize":2}
meat-app-starter/src/app/restaurants/restaurants.service.ts: {"insertSpaces":true,"tabSize":2}
meat-app-starter/src/app/restaurants/restaurants.service.ts: {"insertSpaces":true,"tabSize":2}
meat-app-starter/src/app/restaurants/restaurants.service.ts: {"insertSpaces":true,"tabSize":2}
meat-app-starter/src/app/restaurants/restaurants.service.ts: {"insertSpaces":true,"tabSize":2}
meat-app-starter/src/app/restaurants/restaurants.component.ts: {"insertSpaces":true,"tabSize":2}
meat-app-starter/src/app/restaurants/restaurants.component.ts: {"insertSpaces":true,"tabSize":2}
meat-app-starter/src/app/restaurants/restaurants.service.ts: {"insertSpaces":true,"tabSize":2}
meat-app-starter/src/app/restaurants/restaurants.service.ts: {"insertSpaces":true,"tabSize":2}
meat-app-starter/src/app/restaurants/restaurants.service.ts: {"insertSpaces":true,"tabSize":2}
meat-app-starter/src/app/restaurants/restaurants.service.ts: {"insertSpaces":true,"tabSize":2}
meat-app-starter/src/app/restaurants/restaurants.service.ts: {"insertSpaces":true,"tabSize":2}
meat-app-starter/src/app/restaurants/restaurants.service.ts: {"insertSpaces":true,"tabSize":2}
meat-app-starter/src/app/restaurants/restaurants.service.ts: {"insertSpaces":true,"tabSize":2}
meat-app-starter/src/app/restaurants/restaurants.service.ts: Using EditorConfig core...
src/app/restaurants/restaurants.service.ts: editor.action.trimTrailingWhitespace
Detected change in configuration: {}
meat-app-starter/src/app/restaurants/restaurants.service.ts: {"insertSpaces":true,"tabSize":2}
meat-app-starter/src/app/restaurants/restaurants.service.ts: {"insertSpaces":true,"tabSize":2}
meat-app-starter/src/app/restaurants/restaurants.service.ts: {"insertSpaces":true,"tabSize":2}
meat-app-starter/src/app/restaurants/restaurants.service.ts: {"insertSpaces":true,"tabSize":2}
meat-app-starter/src/app/restaurants/restaurants.service.ts: {"insertSpaces":true,"tabSize":2}
meat-app-starter/src/app/restaurants/restaurants.service.ts: {"insertSpaces":true,"tabSize":2}
meat-app-starter/src/app/restaurants/restaurants.service.ts: {"insertSpaces":true,"tabSize":2}
meat-app-starter/src/app/restaurants/restaurants.service.ts: {"insertSpaces":true,"tabSize":2}
meat-app-starter/src/app/restaurants/restaurants.service.ts: {"insertSpaces":true,"tabSize":2}
meat-app-starter/src/app/restaurants/restaurants.service.ts: {"insertSpaces":true,"tabSize":2}
meat-app-starter/src/app/restaurants/restaurants.service.ts: Using EditorConfig core...
src/app/restaurants/restaurants.service.ts: editor.action.trimTrailingWhitespace
meat-app-starter/src/app/restaurants/restaurants.service.ts: Using EditorConfig core...
src/app/restaurants/restaurants.service.ts: editor.action.trimTrailingWhitespace
meat-app-starter/src/app/restaurants/restaurants.service.ts: {"insertSpaces":true,"tabSize":2}
meat-app-starter/src/app/restaurants/restaurants.service.ts: {"insertSpaces":true,"tabSize":2}
meat-app-starter/src/app/restaurants/restaurants.service.ts: {"insertSpaces":true,"tabSize":2}
meat-app-starter/src/app/restaurants/restaurants.service.ts: {"insertSpaces":true,"tabSize":2}
meat-app-starter/src/app/restaurants/restaurants.service.ts: {"insertSpaces":true,"tabSize":2}
meat-app-starter/src/app/restaurants/restaurants.service.ts: {"insertSpaces":true,"tabSize":2}
meat-app-starter/src/app/error-handler.ts: {"insertSpaces":true,"tabSize":2}
meat-app-starter/src/app/error-handler.ts: {"insertSpaces":true,"tabSize":2}
meat-app-starter/src/app/error-handler.ts: {"insertSpaces":true,"tabSize":2}
meat-app-starter/src/app/error-handler.ts: {"insertSpaces":true,"tabSize":2}
meat-app-starter/src/app/error-handler.ts: {"insertSpaces":true,"tabSize":2}
meat-app-starter/src/app/error-handler.ts: {"insertSpaces":true,"tabSize":2}
meat-app-starter/src/app/error-handler.ts: {"insertSpaces":true,"tabSize":2}
meat-app-starter/src/app/error-handler.ts: {"insertSpaces":true,"tabSize":2}
meat-app-starter/src/app/error-handler.ts: {"insertSpaces":true,"tabSize":2}
meat-app-starter/src/app/error-handler.ts: {"insertSpaces":true,"tabSize":2}
meat-app-starter/src/app/error-handler.ts: {"insertSpaces":true,"tabSize":2}
meat-app-starter/src/app/error-handler.ts: {"insertSpaces":true,"tabSize":2}
meat-app-starter/src/app/error-handler.ts: {"insertSpaces":true,"tabSize":2}
meat-app-starter/src/app/error-handler.ts: {"insertSpaces":true,"tabSize":2}
meat-app-starter/src/app/error-handler.ts: {"insertSpaces":true,"tabSize":2}
meat-app-starter/src/app/error-handler.ts: Using EditorConfig core...
src/app/error-handler.ts: editor.action.trimTrailingWhitespace
src/app/error-handler.ts: insertFinalNewline(LF)
meat-app-starter/src/app/error-handler.ts: {"insertSpaces":true,"tabSize":2}
meat-app-starter/src/app/error-handler.ts: {"insertSpaces":true,"tabSize":2}
meat-app-starter/src/app/error-handler.ts: {"insertSpaces":true,"tabSize":2}
meat-app-starter/src/app/error-handler.ts: {"insertSpaces":true,"tabSize":2}
meat-app-starter/src/app/error-handler.ts: {"insertSpaces":true,"tabSize":2}
meat-app-starter/src/app/error-handler.ts: {"insertSpaces":true,"tabSize":2}
meat-app-starter/src/app/error-handler.ts: {"insertSpaces":true,"tabSize":2}
meat-app-starter/src/app/error-handler.ts: Using EditorConfig core...
src/app/error-handler.ts: editor.action.trimTrailingWhitespace
meat-app-starter/src/app/error-handler.ts: {"insertSpaces":true,"tabSize":2}
meat-app-starter/src/app/error-handler.ts: {"insertSpaces":true,"tabSize":2}
meat-app-starter/src/app/error-handler.ts: Using EditorConfig core...
src/app/error-handler.ts: editor.action.trimTrailingWhitespace
meat-app-starter/src/app/error-handler.ts: {"insertSpaces":true,"tabSize":2}
meat-app-starter/src/app/error-handler.ts: {"insertSpaces":true,"tabSize":2}
meat-app-starter/src/app/error-handler.ts: {"insertSpaces":true,"tabSize":2}
meat-app-starter/src/app/error-handler.ts: {"insertSpaces":true,"tabSize":2}
meat-app-starter/src/app/error-handler.ts: Using EditorConfig core...
src/app/error-handler.ts: editor.action.trimTrailingWhitespace
meat-app-starter/src/app/error-handler.ts: Using EditorConfig core...
src/app/error-handler.ts: editor.action.trimTrailingWhitespace
meat-app-starter/src/app/error-handler.ts: {"insertSpaces":true,"tabSize":2}
meat-app-starter/src/app/error-handler.ts: {"insertSpaces":true,"tabSize":2}
meat-app-starter/src/app/error-handler.ts: {"insertSpaces":true,"tabSize":2}
meat-app-starter/src/app/error-handler.ts: {"insertSpaces":true,"tabSize":2}
meat-app-starter/src/app/error-handler.ts: {"insertSpaces":true,"tabSize":2}
meat-app-starter/src/app/error-handler.ts: {"insertSpaces":true,"tabSize":2}
meat-app-starter/src/app/error-handler.ts: {"insertSpaces":true,"tabSize":2}
meat-app-starter/src/app/error-handler.ts: {"insertSpaces":true,"tabSize":2}
meat-app-starter/src/app/error-handler.ts: {"insertSpaces":true,"tabSize":2}
meat-app-starter/src/app/error-handler.ts: {"insertSpaces":true,"tabSize":2}
meat-app-starter/src/app/error-handler.ts: {"insertSpaces":true,"tabSize":2}
meat-app-starter/src/app/error-handler.ts: {"insertSpaces":true,"tabSize":2}
meat-app-starter/src/app/error-handler.ts: {"insertSpaces":true,"tabSize":2}
meat-app-starter/src/app/error-handler.ts: {"insertSpaces":true,"tabSize":2}
meat-app-starter/src/app/error-handler.ts: {"insertSpaces":true,"tabSize":2}
meat-app-starter/src/app/error-handler.ts: {"insertSpaces":true,"tabSize":2}
meat-app-starter/src/app/error-handler.ts: {"insertSpaces":true,"tabSize":2}
meat-app-starter/src/app/error-handler.ts: {"insertSpaces":true,"tabSize":2}
meat-app-starter/src/app/error-handler.ts: {"insertSpaces":true,"tabSize":2}
meat-app-starter/src/app/error-handler.ts: {"insertSpaces":true,"tabSize":2}
meat-app-starter/src/app/error-handler.ts: {"insertSpaces":true,"tabSize":2}
meat-app-starter/src/app/error-handler.ts: {"insertSpaces":true,"tabSize":2}
meat-app-starter/src/app/error-handler.ts: {"insertSpaces":true,"tabSize":2}
meat-app-starter/src/app/error-handler.ts: {"insertSpaces":true,"tabSize":2}
meat-app-starter/src/app/error-handler.ts: {"insertSpaces":true,"tabSize":2}
meat-app-starter/src/app/error-handler.ts: {"insertSpaces":true,"tabSize":2}
meat-app-starter/src/app/error-handler.ts: Using EditorConfig core...
src/app/error-handler.ts: editor.action.trimTrailingWhitespace
meat-app-starter/src/app/error-handler.ts: {"insertSpaces":true,"tabSize":2}
meat-app-starter/src/app/error-handler.ts: {"insertSpaces":true,"tabSize":2}
meat-app-starter/src/app/error-handler.ts: {"insertSpaces":true,"tabSize":2}
meat-app-starter/src/app/error-handler.ts: {"insertSpaces":true,"tabSize":2}
meat-app-starter/src/app/error-handler.ts: Using EditorConfig core...
src/app/error-handler.ts: editor.action.trimTrailingWhitespace
meat-app-starter/src/app/error-handler.ts: {"insertSpaces":true,"tabSize":2}
meat-app-starter/src/app/restaurants/restaurants.service.ts: {"insertSpaces":true,"tabSize":2}
meat-app-starter/src/app/restaurants/restaurants.service.ts: {"insertSpaces":true,"tabSize":2}
meat-app-starter/src/app/restaurants/restaurants.service.ts: {"insertSpaces":true,"tabSize":2}
meat-app-starter/src/app/restaurants/restaurants.service.ts: Using EditorConfig core...
src/app/restaurants/restaurants.service.ts: editor.action.trimTrailingWhitespace
meat-app-starter/src/app/restaurants/restaurants.service.ts: {"insertSpaces":true,"tabSize":2}
meat-app-starter/src/app/restaurants/restaurants.service.ts: {"insertSpaces":true,"tabSize":2}
meat-app-starter/src/app/restaurants/restaurants.service.ts: Using EditorConfig core...
src/app/restaurants/restaurants.service.ts: editor.action.trimTrailingWhitespace
meat-app-starter/src/app/restaurants/restaurants.service.ts: {"insertSpaces":true,"tabSize":2}
meat-app-starter/src/app/restaurants/restaurants.service.ts: {"insertSpaces":true,"tabSize":2}
meat-app-starter/src/app/restaurants/restaurants.service.ts: {"insertSpaces":true,"tabSize":2}
meat-app-starter/src/app/restaurants/restaurants.service.ts: {"insertSpaces":true,"tabSize":2}
meat-app-starter/src/app/restaurants/restaurants.service.ts: {"insertSpaces":true,"tabSize":2}
meat-app-starter/src/app/restaurants/restaurants.service.ts: {"insertSpaces":true,"tabSize":2}
meat-app-starter/src/app/restaurants/restaurants.service.ts: {"insertSpaces":true,"tabSize":2}
meat-app-starter/src/app/restaurants/restaurants.service.ts: Using EditorConfig core...
src/app/restaurants/restaurants.service.ts: editor.action.trimTrailingWhitespace
meat-app-starter/src/app/restaurants/restaurants.service.ts: {"insertSpaces":true,"tabSize":2}
meat-app-starter/src/app/restaurants/restaurants.service.ts: Using EditorConfig core...
src/app/restaurants/restaurants.service.ts: editor.action.trimTrailingWhitespace
meat-app-starter/src/app/restaurants/restaurants.service.ts: {"insertSpaces":true,"tabSize":2}
meat-app-starter/src/app/restaurants/restaurants.service.ts: {"insertSpaces":true,"tabSize":2}
meat-app-starter/src/app/restaurants/restaurants.service.ts: {"insertSpaces":true,"tabSize":2}
meat-app-starter/src/app/restaurants/restaurants.service.ts: {"insertSpaces":true,"tabSize":2}
meat-app-starter/src/app/restaurants/restaurants.service.ts: {"insertSpaces":true,"tabSize":2}
meat-app-starter/src/app/restaurants/restaurants.service.ts: {"insertSpaces":true,"tabSize":2}
meat-app-starter/src/app/restaurants/restaurants.service.ts: {"insertSpaces":true,"tabSize":2}
meat-app-starter/src/app/restaurants/restaurants.service.ts: {"insertSpaces":true,"tabSize":2}
meat-app-starter/src/app/restaurants/restaurants.service.ts: {"insertSpaces":true,"tabSize":2}
meat-app-starter/src/app/restaurants/restaurants.service.ts: {"insertSpaces":true,"tabSize":2}
meat-app-starter/src/app/restaurants/restaurants.service.ts: {"insertSpaces":true,"tabSize":2}
meat-app-starter/src/app/restaurants/restaurants.service.ts: {"insertSpaces":true,"tabSize":2}
meat-app-starter/src/app/restaurants/restaurants.service.ts: {"insertSpaces":true,"tabSize":2}
Detected change in configuration: {}
meat-app-starter/src/app/restaurants/restaurants.service.ts: {"insertSpaces":true,"tabSize":2}
meat-app-starter/src/app/restaurants/restaurants.service.ts: {"insertSpaces":true,"tabSize":2}
meat-app-starter/src/app/restaurants/restaurants.service.ts: {"insertSpaces":true,"tabSize":2}
meat-app-starter/src/app/restaurants/restaurants.service.ts: {"insertSpaces":true,"tabSize":2}
meat-app-starter/src/app/restaurants/restaurants.service.ts: {"insertSpaces":true,"tabSize":2}
meat-app-starter/src/app/restaurants/restaurants.service.ts: {"insertSpaces":true,"tabSize":2}
meat-app-starter/src/app/restaurants/restaurants.service.ts: {"insertSpaces":true,"tabSize":2}
meat-app-starter/src/app/restaurant-details/restaurant-details.component.css: {"insertSpaces":true,"tabSize":2}
meat-app-starter/src/app/restaurant-details/restaurant-details.component.html: {"insertSpaces":true,"tabSize":2}
meat-app-starter/src/app/restaurant-details/restaurant-details.component.html: Using EditorConfig core...
src/app/restaurant-details/restaurant-details.component.html: editor.action.trimTrailingWhitespace
src/app/restaurant-details/restaurant-details.component.html: insertFinalNewline(LF)
meat-app-starter/src/app/restaurant-details/restaurant-details.component.html: {"insertSpaces":true,"tabSize":2}
meat-app-starter/src/app/restaurant-details/restaurant-details.component.html: {"insertSpaces":true,"tabSize":2}
meat-app-starter/src/app/restaurant-details/restaurant-details.component.html: {"insertSpaces":true,"tabSize":2}
meat-app-starter/src/app/restaurant-details/restaurant-details.component.html: {"insertSpaces":true,"tabSize":2}
meat-app-starter/src/app/restaurant-details/restaurant-details.component.html: {"insertSpaces":true,"tabSize":2}
meat-app-starter/src/app/restaurant-details/restaurant-details.component.html: {"insertSpaces":true,"tabSize":2}
meat-app-starter/src/app/restaurant-details/restaurant-details.component.html: {"insertSpaces":true,"tabSize":2}
meat-app-starter/src/app/restaurant-details/restaurant-details.component.html: {"insertSpaces":true,"tabSize":2}
meat-app-starter/src/app/restaurant-details/restaurant-details.component.html: {"insertSpaces":true,"tabSize":2}
meat-app-starter/src/app/restaurant-details/restaurant-details.component.css: {"insertSpaces":true,"tabSize":2}
meat-app-starter/src/app/restaurant-details/restaurant-details.component.html: {"insertSpaces":true,"tabSize":2}
meat-app-starter/src/app/restaurant-details/restaurant-details.component.css: {"insertSpaces":true,"tabSize":2}
meat-app-starter/src/app/restaurant-details/restaurant-details.component.ts: {"insertSpaces":true,"tabSize":2}
meat-app-starter/src/app/restaurant-details/restaurant-details.component.html: {"insertSpaces":true,"tabSize":2}
meat-app-starter/src/app/restaurants/restaurant/restaurant.component.ts: {"insertSpaces":true,"tabSize":2}
meat-app-starter/src/app/restaurants/restaurants.component.spec.ts: {"insertSpaces":true,"tabSize":2}
meat-app-starter/src/app/restaurants/restaurants.component.html: {"insertSpaces":true,"tabSize":2}
meat-app-starter/src/app/restaurants/restaurants.service.ts: {"insertSpaces":true,"tabSize":2}
meat-app-starter/src/app/restaurants/restaurants.component.ts: {"insertSpaces":true,"tabSize":2}
meat-app-starter/src/app/restaurants/restaurants.component.ts: {"insertSpaces":true,"tabSize":2}
meat-app-starter/src/app/restaurants/restaurants.component.ts: {"insertSpaces":true,"tabSize":2}
meat-app-starter/src/app/restaurants/restaurants.component.ts: {"insertSpaces":true,"tabSize":2}
meat-app-starter/src/app/restaurants/restaurants.component.ts: {"insertSpaces":true,"tabSize":2}
meat-app-starter/src/app/restaurants/restaurants.component.ts: {"insertSpaces":true,"tabSize":2}
meat-app-starter/src/app/restaurants/restaurants.component.ts: {"insertSpaces":true,"tabSize":2}
meat-app-starter/src/app/restaurants/restaurants.component.ts: {"insertSpaces":true,"tabSize":2}
meat-app-starter/src/app/restaurants/restaurants.component.ts: {"insertSpaces":true,"tabSize":2}
meat-app-starter/src/app/restaurants/restaurants.component.ts: {"insertSpaces":true,"tabSize":2}
meat-app-starter/src/app/restaurants/restaurants.component.ts: {"insertSpaces":true,"tabSize":2}
meat-app-starter/src/app/restaurants/restaurants.component.ts: {"insertSpaces":true,"tabSize":2}
meat-app-starter/src/app/restaurant-details/menu/menu.component.spec.ts: {"insertSpaces":true,"tabSize":2}
No more open editors.
meat-app-starter/src/app/restaurants/restaurants.service.ts: {"insertSpaces":true,"tabSize":2}
meat-app-starter/src/app/restaurants/restaurants.service.ts: {"insertSpaces":true,"tabSize":2}
meat-app-starter/src/app/restaurants/restaurants.service.ts: {"insertSpaces":true,"tabSize":2}
meat-app-starter/src/app/restaurants/restaurants.service.ts: {"insertSpaces":true,"tabSize":2}
meat-app-starter/src/app/restaurants/restaurants.service.ts: {"insertSpaces":true,"tabSize":2}
meat-app-starter/src/app/restaurants/restaurants.service.ts: {"insertSpaces":true,"tabSize":2}
meat-app-starter/src/app/restaurants/restaurants.service.ts: {"insertSpaces":true,"tabSize":2}
meat-app-starter/src/app/restaurants/restaurants.service.ts: {"insertSpaces":true,"tabSize":2}
meat-app-starter/src/app/restaurants/restaurants.service.ts: {"insertSpaces":true,"tabSize":2}
meat-app-starter/src/app/restaurants/restaurants.service.ts: {"insertSpaces":true,"tabSize":2}
meat-app-starter/src/app/restaurants/restaurants.service.ts: {"insertSpaces":true,"tabSize":2}
meat-app-starter/src/app/restaurant-details/restaurant-details.component.css: {"insertSpaces":true,"tabSize":2}
meat-app-starter/src/app/restaurant-details/restaurant-details.component.html: {"insertSpaces":true,"tabSize":2}
meat-app-starter/src/app/restaurant-details/restaurant-details.component.html: {"insertSpaces":true,"tabSize":2}
meat-app-starter/src/app/restaurant-details/restaurant-details.component.html: {"insertSpaces":true,"tabSize":2}
meat-app-starter/src/app/restaurant-details/restaurant-details.component.html: {"insertSpaces":true,"tabSize":2}
meat-app-starter/src/app/restaurant-details/restaurant-details.component.html: {"insertSpaces":true,"tabSize":2}
