[2020-02-03 16:21:28.475] [exthost] [info] extension host started
[2020-02-03 16:21:28.611] [exthost] [info] ExtensionService#_doActivateExtension vscode.emmet {"startup":false,"activationEvent":"onLanguage:html"}
[2020-02-03 16:21:28.612] [exthost] [info] ExtensionService#loadCommonJSModule /usr/share/code/resources/app/extensions/emmet/dist/extension
[2020-02-03 16:21:28.680] [exthost] [info] ExtensionService#_doActivateExtension vscode.html-language-features {"startup":false,"activationEvent":"onLanguage:html"}
[2020-02-03 16:21:28.685] [exthost] [info] ExtensionService#loadCommonJSModule /usr/share/code/resources/app/extensions/html-language-features/client/dist/htmlMain
[2020-02-03 16:21:28.836] [exthost] [info] ExtensionService#_doActivateExtension vscode.debug-auto-launch {"startup":true,"activationEvent":"*"}
[2020-02-03 16:21:28.836] [exthost] [info] ExtensionService#loadCommonJSModule /usr/share/code/resources/app/extensions/debug-auto-launch/dist/extension
[2020-02-03 16:21:28.840] [exthost] [info] ExtensionService#_doActivateExtension vscode.git {"startup":true,"activationEvent":"*"}
[2020-02-03 16:21:28.840] [exthost] [info] ExtensionService#loadCommonJSModule /usr/share/code/resources/app/extensions/git/dist/main
[2020-02-03 16:21:29.025] [exthost] [info] ExtensionService#_doActivateExtension vscode.merge-conflict {"startup":true,"activationEvent":"*"}
[2020-02-03 16:21:29.025] [exthost] [info] ExtensionService#loadCommonJSModule /usr/share/code/resources/app/extensions/merge-conflict/dist/extension
[2020-02-03 16:21:29.033] [exthost] [info] ExtensionService#_doActivateExtension dbaeumer.vscode-eslint {"startup":true,"activationEvent":"*"}
[2020-02-03 16:21:29.033] [exthost] [info] ExtensionService#loadCommonJSModule /root/.vscode/extensions/dbaeumer.vscode-eslint-1.9.1/client/out/extension
[2020-02-03 16:21:29.087] [exthost] [info] ExtensionService#_doActivateExtension EditorConfig.EditorConfig {"startup":true,"activationEvent":"*"}
[2020-02-03 16:21:29.087] [exthost] [info] ExtensionService#loadCommonJSModule /root/.vscode/extensions/editorconfig.editorconfig-0.13.0/out/src/editorConfigMain
[2020-02-03 16:21:29.117] [exthost] [info] ExtensionService#_doActivateExtension esbenp.prettier-vscode {"startup":true,"activationEvent":"*"}
[2020-02-03 16:21:29.117] [exthost] [info] ExtensionService#loadCommonJSModule /root/.vscode/extensions/esbenp.prettier-vscode-3.20.0/dist/extension
[2020-02-03 16:21:29.410] [exthost] [info] ExtensionService#_doActivateExtension naumovs.color-highlight {"startup":true,"activationEvent":"*"}
[2020-02-03 16:21:29.410] [exthost] [info] ExtensionService#loadCommonJSModule /root/.vscode/extensions/naumovs.color-highlight-2.3.0/dist/extension
[2020-02-03 16:21:29.457] [exthost] [info] ExtensionService#_doActivateExtension PKief.material-icon-theme {"startup":true,"activationEvent":"*"}
[2020-02-03 16:21:29.457] [exthost] [info] ExtensionService#loadCommonJSModule /root/.vscode/extensions/pkief.material-icon-theme-3.9.2/dist/extension
[2020-02-03 16:21:29.482] [exthost] [info] ExtensionService#_doActivateExtension remimarsal.prettier-now {"startup":true,"activationEvent":"*"}
[2020-02-03 16:21:29.482] [exthost] [info] ExtensionService#loadCommonJSModule /root/.vscode/extensions/remimarsal.prettier-now-1.4.9/out/src/extension
[2020-02-03 16:21:29.559] [exthost] [info] ExtensionService#_doActivateExtension vscode-icons-team.vscode-icons {"startup":true,"activationEvent":"*"}
[2020-02-03 16:21:29.559] [exthost] [info] ExtensionService#loadCommonJSModule /root/.vscode/extensions/vscode-icons-team.vscode-icons-9.7.0/dist/src/vscode-icons.bundle.js
