[Info  - 22:28:51] Angular language server process ID: 19632
[Info  - 22:28:51] Using typescript v3.7.4 from /root/.vscode/extensions/angular.ng-template-0.900.5/node_modules/typescript/lib/tsserverlibrary.js
[Info  - 22:28:51] Using @angular/language-service v9.0.0-rc.9 from /root/.vscode/extensions/angular.ng-template-0.900.5/server/node_modules/@angular/language-service/bundles/language-service.umd.js
[Info  - 22:28:51] Log file: /home/varner/projects/meat-app-starter/~/.vscode-root/logs/20200206T222751/exthost1/Angular.ng-template/nglangsvc.log
[Error - 22:29:01] No config file for /home/varner/projects/meat-app-starter/src/app/order/delivery-costs/delivery-costs.component.html
Warning: Can't resolve all parameters for OrderService in /home/varner/projects/meat-app-starter/src/app/order/order.service.ts: ([object Object], ?). This will become an error in Angular v6.x
Warning: Can't resolve all parameters for OrderService in /home/varner/projects/meat-app-starter/src/app/order/order.service.ts: ([object Object], ?). This will become an error in Angular v6.x
Warning: Can't resolve all parameters for OrderService in /home/varner/projects/meat-app-starter/src/app/order/order.service.ts: ([object Object], ?). This will become an error in Angular v6.x
Warning: Can't resolve all parameters for OrderService in /home/varner/projects/meat-app-starter/src/app/order/order.service.ts: ([object Object], ?). This will become an error in Angular v6.x
Warning: Can't resolve all parameters for OrderService in /home/varner/projects/meat-app-starter/src/app/order/order.service.ts: ([object Object], ?). This will become an error in Angular v6.x
Warning: Can't resolve all parameters for OrderService in /home/varner/projects/meat-app-starter/src/app/order/order.service.ts: ([object Object], ?). This will become an error in Angular v6.x
Warning: Can't resolve all parameters for OrderService in /home/varner/projects/meat-app-starter/src/app/order/order.service.ts: ([object Object], ?). This will become an error in Angular v6.x
Warning: Can't resolve all parameters for OrderService in /home/varner/projects/meat-app-starter/src/app/order/order.service.ts: ([object Object], ?). This will become an error in Angular v6.x
Warning: Can't resolve all parameters for OrderService in /home/varner/projects/meat-app-starter/src/app/order/order.service.ts: ([object Object], ?). This will become an error in Angular v6.x
Warning: Can't resolve all parameters for OrderService in /home/varner/projects/meat-app-starter/src/app/order/order.service.ts: ([object Object], ?). This will become an error in Angular v6.x
Warning: Can't resolve all parameters for OrderService in /home/varner/projects/meat-app-starter/src/app/order/order.service.ts: ([object Object], ?). This will become an error in Angular v6.x
Warning: Can't resolve all parameters for OrderService in /home/varner/projects/meat-app-starter/src/app/order/order.service.ts: ([object Object], ?). This will become an error in Angular v6.x
Warning: Can't resolve all parameters for OrderService in /home/varner/projects/meat-app-starter/src/app/order/order.service.ts: ([object Object], ?). This will become an error in Angular v6.x
Warning: Can't resolve all parameters for OrderService in /home/varner/projects/meat-app-starter/src/app/order/order.service.ts: ([object Object], ?). This will become an error in Angular v6.x
Warning: Can't resolve all parameters for OrderService in /home/varner/projects/meat-app-starter/src/app/order/order.service.ts: ([object Object], ?). This will become an error in Angular v6.x
Warning: Can't resolve all parameters for OrderService in /home/varner/projects/meat-app-starter/src/app/order/order.service.ts: ([object Object], ?). This will become an error in Angular v6.x
Warning: Can't resolve all parameters for OrderService in /home/varner/projects/meat-app-starter/src/app/order/order.service.ts: ([object Object], ?). This will become an error in Angular v6.x
[Error - 23:09:09] No config file for /home/varner/projects/meat-app-starter/node_modules/@angular/http/src/interfaces.d.ts
[Error - 23:09:10] No config file for /home/varner/projects/meat-app-starter/node_modules/@angular/http/src/interfaces.d.ts
[Error - 23:10:17] No config file for /usr/share/code/resources/app/extensions/node_modules/typescript/lib/lib.dom.d.ts
